0 info it worked if it ends with ok
1 verbose cli [ 'D:\\Program Files\\nodejs\\node.exe',
1 verbose cli   'D:\\Program Files\\nodejs\\node_modules\\npm\\bin\\npm-cli.js',
1 verbose cli   'run',
1 verbose cli   'build' ]
2 info using npm@3.10.10
3 info using node@v6.11.3
4 verbose stack Error: ENOENT: no such file or directory, open 'H:\project\api_automation_test\package.json'
4 verbose stack     at Error (native)
5 verbose cwd H:\project\api_automation_test
6 error Windows_NT 10.0.16299
7 error argv "D:\\Program Files\\nodejs\\node.exe" "D:\\Program Files\\nodejs\\node_modules\\npm\\bin\\npm-cli.js" "run" "build"
8 error node v6.11.3
9 error npm  v3.10.10
10 error path H:\project\api_automation_test\package.json
11 error code ENOENT
12 error errno -4058
13 error syscall open
14 error enoent ENOENT: no such file or directory, open 'H:\project\api_automation_test\package.json'
15 error enoent ENOENT: no such file or directory, open 'H:\project\api_automation_test\package.json'
15 error enoent This is most likely not a problem with npm itself
15 error enoent and is related to npm not being able to find a file.
16 verbose exit [ -4058, true ]
