DEBUG 2018-02-26 09:51:20,675 D:\Users\SIMO\AppData\Local\Programs\Python\Python36\lib\site-packages\django\db\backends\utils.py utils.py utils execute 111: (0.000) SELECT @@SQL_AUTO_IS_NULL; args=None
DEBUG 2018-02-26 09:51:20,687 D:\Users\SIMO\AppData\Local\Programs\Python\Python36\lib\site-packages\django\db\backends\utils.py utils.py utils execute 111: (0.012) SET SESSION TRANSACTION ISOLATION LEVEL READ COMMITTED; args=None
DEBUG 2018-02-26 09:51:20,687 D:\Users\SIMO\AppData\Local\Programs\Python\Python36\lib\site-packages\django\db\backends\utils.py utils.py utils execute 111: (0.000) SELECT VERSION(); args=None
DEBUG 2018-02-26 09:51:21,219 D:\Users\SIMO\AppData\Local\Programs\Python\Python36\lib\site-packages\django\db\backends\utils.py utils.py utils execute 111: (0.000) SET SESSION TRANSACTION ISOLATION LEVEL READ COMMITTED; args=None
DEBUG 2018-02-26 09:51:21,324 D:\Users\SIMO\AppData\Local\Programs\Python\Python36\lib\site-packages\django\db\backends\utils.py utils.py utils execute 111: (0.106) SHOW FULL TABLES; args=None
DEBUG 2018-02-26 09:51:21,356 D:\Users\SIMO\AppData\Local\Programs\Python\Python36\lib\site-packages\django\db\backends\utils.py utils.py utils execute 111: (0.020) SELECT `django_migrations`.`app`, `django_migrations`.`name` FROM `django_migrations`; args=()
DEBUG 2018-02-26 09:51:29,578 D:\Users\SIMO\AppData\Local\Programs\Python\Python36\lib\site-packages\django\db\backends\utils.py utils.py utils execute 111: (0.000) SELECT @@SQL_AUTO_IS_NULL; args=None
DEBUG 2018-02-26 09:51:29,578 D:\Users\SIMO\AppData\Local\Programs\Python\Python36\lib\site-packages\django\db\backends\utils.py utils.py utils execute 111: (0.000) SET SESSION TRANSACTION ISOLATION LEVEL READ COMMITTED; args=None
DEBUG 2018-02-26 09:51:29,578 D:\Users\SIMO\AppData\Local\Programs\Python\Python36\lib\site-packages\django\db\backends\utils.py utils.py utils execute 111: (0.000) SELECT VERSION(); args=None
DEBUG 2018-02-26 09:51:29,590 D:\Users\SIMO\AppData\Local\Programs\Python\Python36\lib\site-packages\django\db\backends\utils.py utils.py utils execute 111: (0.000) SET SESSION TRANSACTION ISOLATION LEVEL READ COMMITTED; args=None
DEBUG 2018-02-26 09:51:29,590 D:\Users\SIMO\AppData\Local\Programs\Python\Python36\lib\site-packages\django\db\backends\utils.py utils.py utils execute 111: (0.000) SELECT `auth_user`.`id`, `auth_user`.`password`, `auth_user`.`last_login`, `auth_user`.`is_superuser`, `auth_user`.`username`, `auth_user`.`first_name`, `auth_user`.`last_name`, `auth_user`.`phone`, `auth_user`.`email`, `auth_user`.`is_staff`, `auth_user`.`is_active`, `auth_user`.`date_joined` FROM `auth_user` WHERE `auth_user`.`username` = 'litao'; args=('litao',)
DEBUG 2018-02-26 09:51:29,684 D:\Users\SIMO\AppData\Local\Programs\Python\Python36\lib\site-packages\django\db\backends\utils.py utils.py utils execute 111: (0.000) SELECT `authtoken_token`.`key`, `authtoken_token`.`user_id`, `authtoken_token`.`created` FROM `authtoken_token` WHERE `authtoken_token`.`user_id` = 1; args=(1,)
DEBUG 2018-02-26 09:51:29,688 D:\Users\SIMO\AppData\Local\Programs\Python\Python36\lib\site-packages\django\db\backends\utils.py utils.py utils execute 111: (0.004) SELECT `auth_user`.`id`, `auth_user`.`password`, `auth_user`.`last_login`, `auth_user`.`is_superuser`, `auth_user`.`username`, `auth_user`.`first_name`, `auth_user`.`last_name`, `auth_user`.`phone`, `auth_user`.`email`, `auth_user`.`is_staff`, `auth_user`.`is_active`, `auth_user`.`date_joined` FROM `auth_user` WHERE `auth_user`.`id` = 1; args=(1,)
INFO 2018-02-26 09:51:29,688 D:\Users\SIMO\AppData\Local\Programs\Python\Python36\lib\site-packages\django\core\servers\basehttp.py basehttp.py basehttp log_message 124: "POST /api/user/login HTTP/1.1" 200 197
DEBUG 2018-02-26 09:58:47,882 D:\Users\SIMO\AppData\Local\Programs\Python\Python36\lib\site-packages\django\db\backends\utils.py utils.py utils execute 111: (0.001) SELECT @@SQL_AUTO_IS_NULL; args=None
DEBUG 2018-02-26 09:58:47,882 D:\Users\SIMO\AppData\Local\Programs\Python\Python36\lib\site-packages\django\db\backends\utils.py utils.py utils execute 111: (0.000) SET SESSION TRANSACTION ISOLATION LEVEL READ COMMITTED; args=None
DEBUG 2018-02-26 09:58:47,883 D:\Users\SIMO\AppData\Local\Programs\Python\Python36\lib\site-packages\django\db\backends\utils.py utils.py utils execute 111: (0.001) SELECT VERSION(); args=None
DEBUG 2018-02-26 09:58:47,895 D:\Users\SIMO\AppData\Local\Programs\Python\Python36\lib\site-packages\django\db\backends\utils.py utils.py utils execute 111: (0.001) SET SESSION TRANSACTION ISOLATION LEVEL READ COMMITTED; args=None
DEBUG 2018-02-26 09:58:47,895 D:\Users\SIMO\AppData\Local\Programs\Python\Python36\lib\site-packages\django\db\backends\utils.py utils.py utils execute 111: (0.000) SELECT `auth_user`.`id`, `auth_user`.`password`, `auth_user`.`last_login`, `auth_user`.`is_superuser`, `auth_user`.`username`, `auth_user`.`first_name`, `auth_user`.`last_name`, `auth_user`.`phone`, `auth_user`.`email`, `auth_user`.`is_staff`, `auth_user`.`is_active`, `auth_user`.`date_joined` FROM `auth_user` WHERE `auth_user`.`username` = 'litao'; args=('litao',)
DEBUG 2018-02-26 09:58:47,967 D:\Users\SIMO\AppData\Local\Programs\Python\Python36\lib\site-packages\django\db\backends\utils.py utils.py utils execute 111: (0.000) SELECT `authtoken_token`.`key`, `authtoken_token`.`user_id`, `authtoken_token`.`created` FROM `authtoken_token` WHERE `authtoken_token`.`user_id` = 1; args=(1,)
DEBUG 2018-02-26 09:58:47,969 D:\Users\SIMO\AppData\Local\Programs\Python\Python36\lib\site-packages\django\db\backends\utils.py utils.py utils execute 111: (0.001) SELECT `auth_user`.`id`, `auth_user`.`password`, `auth_user`.`last_login`, `auth_user`.`is_superuser`, `auth_user`.`username`, `auth_user`.`first_name`, `auth_user`.`last_name`, `auth_user`.`phone`, `auth_user`.`email`, `auth_user`.`is_staff`, `auth_user`.`is_active`, `auth_user`.`date_joined` FROM `auth_user` WHERE `auth_user`.`id` = 1; args=(1,)
INFO 2018-02-26 09:58:47,969 D:\Users\SIMO\AppData\Local\Programs\Python\Python36\lib\site-packages\django\core\servers\basehttp.py basehttp.py basehttp log_message 124: "POST /api/user/login HTTP/1.1" 200 197
DEBUG 2018-02-26 10:00:04,611 D:\Users\SIMO\AppData\Local\Programs\Python\Python36\lib\site-packages\django\db\backends\utils.py utils.py utils execute 111: (0.000) SELECT @@SQL_AUTO_IS_NULL; args=None
DEBUG 2018-02-26 10:00:04,611 D:\Users\SIMO\AppData\Local\Programs\Python\Python36\lib\site-packages\django\db\backends\utils.py utils.py utils execute 111: (0.000) SET SESSION TRANSACTION ISOLATION LEVEL READ COMMITTED; args=None
DEBUG 2018-02-26 10:00:04,611 D:\Users\SIMO\AppData\Local\Programs\Python\Python36\lib\site-packages\django\db\backends\utils.py utils.py utils execute 111: (0.000) SELECT VERSION(); args=None
DEBUG 2018-02-26 10:00:04,626 D:\Users\SIMO\AppData\Local\Programs\Python\Python36\lib\site-packages\django\db\backends\utils.py utils.py utils execute 111: (0.001) SET SESSION TRANSACTION ISOLATION LEVEL READ COMMITTED; args=None
DEBUG 2018-02-26 10:00:04,626 D:\Users\SIMO\AppData\Local\Programs\Python\Python36\lib\site-packages\django\db\backends\utils.py utils.py utils execute 111: (0.000) SELECT `auth_user`.`id`, `auth_user`.`password`, `auth_user`.`last_login`, `auth_user`.`is_superuser`, `auth_user`.`username`, `auth_user`.`first_name`, `auth_user`.`last_name`, `auth_user`.`phone`, `auth_user`.`email`, `auth_user`.`is_staff`, `auth_user`.`is_active`, `auth_user`.`date_joined` FROM `auth_user` WHERE `auth_user`.`username` = 'litao'; args=('litao',)
DEBUG 2018-02-26 10:00:04,696 D:\Users\SIMO\AppData\Local\Programs\Python\Python36\lib\site-packages\django\db\backends\utils.py utils.py utils execute 111: (0.001) SELECT `authtoken_token`.`key`, `authtoken_token`.`user_id`, `authtoken_token`.`created` FROM `authtoken_token` WHERE `authtoken_token`.`user_id` = 1; args=(1,)
DEBUG 2018-02-26 10:00:04,698 D:\Users\SIMO\AppData\Local\Programs\Python\Python36\lib\site-packages\django\db\backends\utils.py utils.py utils execute 111: (0.001) SELECT `auth_user`.`id`, `auth_user`.`password`, `auth_user`.`last_login`, `auth_user`.`is_superuser`, `auth_user`.`username`, `auth_user`.`first_name`, `auth_user`.`last_name`, `auth_user`.`phone`, `auth_user`.`email`, `auth_user`.`is_staff`, `auth_user`.`is_active`, `auth_user`.`date_joined` FROM `auth_user` WHERE `auth_user`.`id` = 1; args=(1,)
INFO 2018-02-26 10:00:04,699 D:\Users\SIMO\AppData\Local\Programs\Python\Python36\lib\site-packages\django\core\servers\basehttp.py basehttp.py basehttp log_message 124: "POST /api/user/login HTTP/1.1" 200 197
DEBUG 2018-02-26 10:04:06,888 D:\Users\SIMO\AppData\Local\Programs\Python\Python36\lib\site-packages\django\db\backends\utils.py utils.py utils execute 111: (0.000) SELECT @@SQL_AUTO_IS_NULL; args=None
DEBUG 2018-02-26 10:04:06,889 D:\Users\SIMO\AppData\Local\Programs\Python\Python36\lib\site-packages\django\db\backends\utils.py utils.py utils execute 111: (0.001) SET SESSION TRANSACTION ISOLATION LEVEL READ COMMITTED; args=None
DEBUG 2018-02-26 10:04:06,889 D:\Users\SIMO\AppData\Local\Programs\Python\Python36\lib\site-packages\django\db\backends\utils.py utils.py utils execute 111: (0.000) SELECT VERSION(); args=None
DEBUG 2018-02-26 10:04:06,905 D:\Users\SIMO\AppData\Local\Programs\Python\Python36\lib\site-packages\django\db\backends\utils.py utils.py utils execute 111: (0.000) SET SESSION TRANSACTION ISOLATION LEVEL READ COMMITTED; args=None
DEBUG 2018-02-26 10:04:06,906 D:\Users\SIMO\AppData\Local\Programs\Python\Python36\lib\site-packages\django\db\backends\utils.py utils.py utils execute 111: (0.001) SELECT `auth_user`.`id`, `auth_user`.`password`, `auth_user`.`last_login`, `auth_user`.`is_superuser`, `auth_user`.`username`, `auth_user`.`first_name`, `auth_user`.`last_name`, `auth_user`.`phone`, `auth_user`.`email`, `auth_user`.`is_staff`, `auth_user`.`is_active`, `auth_user`.`date_joined` FROM `auth_user` WHERE `auth_user`.`username` = 'litao'; args=('litao',)
DEBUG 2018-02-26 10:04:06,976 D:\Users\SIMO\AppData\Local\Programs\Python\Python36\lib\site-packages\django\db\backends\utils.py utils.py utils execute 111: (0.001) SELECT `authtoken_token`.`key`, `authtoken_token`.`user_id`, `authtoken_token`.`created` FROM `authtoken_token` WHERE `authtoken_token`.`user_id` = 1; args=(1,)
DEBUG 2018-02-26 10:04:06,977 D:\Users\SIMO\AppData\Local\Programs\Python\Python36\lib\site-packages\django\db\backends\utils.py utils.py utils execute 111: (0.000) SELECT `auth_user`.`id`, `auth_user`.`password`, `auth_user`.`last_login`, `auth_user`.`is_superuser`, `auth_user`.`username`, `auth_user`.`first_name`, `auth_user`.`last_name`, `auth_user`.`phone`, `auth_user`.`email`, `auth_user`.`is_staff`, `auth_user`.`is_active`, `auth_user`.`date_joined` FROM `auth_user` WHERE `auth_user`.`id` = 1; args=(1,)
INFO 2018-02-26 10:04:06,978 D:\Users\SIMO\AppData\Local\Programs\Python\Python36\lib\site-packages\django\core\servers\basehttp.py basehttp.py basehttp log_message 124: "POST /api/user/login HTTP/1.1" 200 197
DEBUG 2018-02-26 10:36:25,367 D:\Users\SIMO\AppData\Local\Programs\Python\Python36\lib\site-packages\django\db\backends\utils.py utils.py utils execute 111: (0.001) SELECT @@SQL_AUTO_IS_NULL; args=None
DEBUG 2018-02-26 10:36:25,367 D:\Users\SIMO\AppData\Local\Programs\Python\Python36\lib\site-packages\django\db\backends\utils.py utils.py utils execute 111: (0.000) SET SESSION TRANSACTION ISOLATION LEVEL READ COMMITTED; args=None
DEBUG 2018-02-26 10:36:25,367 D:\Users\SIMO\AppData\Local\Programs\Python\Python36\lib\site-packages\django\db\backends\utils.py utils.py utils execute 111: (0.000) SELECT VERSION(); args=None
DEBUG 2018-02-26 10:36:25,382 D:\Users\SIMO\AppData\Local\Programs\Python\Python36\lib\site-packages\django\db\backends\utils.py utils.py utils execute 111: (0.000) SET SESSION TRANSACTION ISOLATION LEVEL READ COMMITTED; args=None
DEBUG 2018-02-26 10:36:25,383 D:\Users\SIMO\AppData\Local\Programs\Python\Python36\lib\site-packages\django\db\backends\utils.py utils.py utils execute 111: (0.001) SELECT `auth_user`.`id`, `auth_user`.`password`, `auth_user`.`last_login`, `auth_user`.`is_superuser`, `auth_user`.`username`, `auth_user`.`first_name`, `auth_user`.`last_name`, `auth_user`.`phone`, `auth_user`.`email`, `auth_user`.`is_staff`, `auth_user`.`is_active`, `auth_user`.`date_joined` FROM `auth_user` WHERE `auth_user`.`username` = 'litao'; args=('litao',)
DEBUG 2018-02-26 10:36:25,452 D:\Users\SIMO\AppData\Local\Programs\Python\Python36\lib\site-packages\django\db\backends\utils.py utils.py utils execute 111: (0.001) SELECT `authtoken_token`.`key`, `authtoken_token`.`user_id`, `authtoken_token`.`created` FROM `authtoken_token` WHERE `authtoken_token`.`user_id` = 1; args=(1,)
DEBUG 2018-02-26 10:36:25,455 D:\Users\SIMO\AppData\Local\Programs\Python\Python36\lib\site-packages\django\db\backends\utils.py utils.py utils execute 111: (0.001) SELECT `auth_user`.`id`, `auth_user`.`password`, `auth_user`.`last_login`, `auth_user`.`is_superuser`, `auth_user`.`username`, `auth_user`.`first_name`, `auth_user`.`last_name`, `auth_user`.`phone`, `auth_user`.`email`, `auth_user`.`is_staff`, `auth_user`.`is_active`, `auth_user`.`date_joined` FROM `auth_user` WHERE `auth_user`.`id` = 1; args=(1,)
INFO 2018-02-26 10:36:25,456 D:\Users\SIMO\AppData\Local\Programs\Python\Python36\lib\site-packages\django\core\servers\basehttp.py basehttp.py basehttp log_message 124: "POST /api/user/login HTTP/1.1" 200 197
DEBUG 2018-02-26 10:36:27,721 D:\Users\SIMO\AppData\Local\Programs\Python\Python36\lib\site-packages\django\db\backends\utils.py utils.py utils execute 111: (0.000) SELECT @@SQL_AUTO_IS_NULL; args=None
DEBUG 2018-02-26 10:36:27,722 D:\Users\SIMO\AppData\Local\Programs\Python\Python36\lib\site-packages\django\db\backends\utils.py utils.py utils execute 111: (0.001) SET SESSION TRANSACTION ISOLATION LEVEL READ COMMITTED; args=None
DEBUG 2018-02-26 10:36:27,722 D:\Users\SIMO\AppData\Local\Programs\Python\Python36\lib\site-packages\django\db\backends\utils.py utils.py utils execute 111: (0.000) SELECT VERSION(); args=None
DEBUG 2018-02-26 10:36:27,734 D:\Users\SIMO\AppData\Local\Programs\Python\Python36\lib\site-packages\django\db\backends\utils.py utils.py utils execute 111: (0.001) SET SESSION TRANSACTION ISOLATION LEVEL READ COMMITTED; args=None
DEBUG 2018-02-26 10:36:27,734 D:\Users\SIMO\AppData\Local\Programs\Python\Python36\lib\site-packages\django\db\backends\utils.py utils.py utils execute 111: (0.000) SELECT `auth_user`.`id`, `auth_user`.`password`, `auth_user`.`last_login`, `auth_user`.`is_superuser`, `auth_user`.`username`, `auth_user`.`first_name`, `auth_user`.`last_name`, `auth_user`.`phone`, `auth_user`.`email`, `auth_user`.`is_staff`, `auth_user`.`is_active`, `auth_user`.`date_joined` FROM `auth_user` WHERE `auth_user`.`username` = 'litao'; args=('litao',)
DEBUG 2018-02-26 10:36:27,805 D:\Users\SIMO\AppData\Local\Programs\Python\Python36\lib\site-packages\django\db\backends\utils.py utils.py utils execute 111: (0.001) SELECT `authtoken_token`.`key`, `authtoken_token`.`user_id`, `authtoken_token`.`created` FROM `authtoken_token` WHERE `authtoken_token`.`user_id` = 1; args=(1,)
DEBUG 2018-02-26 10:36:27,807 D:\Users\SIMO\AppData\Local\Programs\Python\Python36\lib\site-packages\django\db\backends\utils.py utils.py utils execute 111: (0.001) SELECT `auth_user`.`id`, `auth_user`.`password`, `auth_user`.`last_login`, `auth_user`.`is_superuser`, `auth_user`.`username`, `auth_user`.`first_name`, `auth_user`.`last_name`, `auth_user`.`phone`, `auth_user`.`email`, `auth_user`.`is_staff`, `auth_user`.`is_active`, `auth_user`.`date_joined` FROM `auth_user` WHERE `auth_user`.`id` = 1; args=(1,)
INFO 2018-02-26 10:36:27,807 D:\Users\SIMO\AppData\Local\Programs\Python\Python36\lib\site-packages\django\core\servers\basehttp.py basehttp.py basehttp log_message 124: "POST /api/user/login HTTP/1.1" 200 197
