DEBUG 2018-02-27 15:22:11,645 D:\Users\SIMO\AppData\Local\Programs\Python\Python36\lib\site-packages\django\db\backends\utils.py utils.py utils execute 111: (0.000) SELECT @@SQL_AUTO_IS_NULL; args=None
DEBUG 2018-02-27 15:22:11,645 D:\Users\SIMO\AppData\Local\Programs\Python\Python36\lib\site-packages\django\db\backends\utils.py utils.py utils execute 111: (0.000) SET SESSION TRANSACTION ISOLATION LEVEL READ COMMITTED; args=None
DEBUG 2018-02-27 15:22:11,646 D:\Users\SIMO\AppData\Local\Programs\Python\Python36\lib\site-packages\django\db\backends\utils.py utils.py utils execute 111: (0.001) SELECT VERSION(); args=None
DEBUG 2018-02-27 15:22:11,701 D:\Users\SIMO\AppData\Local\Programs\Python\Python36\lib\site-packages\django\db\backends\utils.py utils.py utils execute 111: (0.000) SET SESSION TRANSACTION ISOLATION LEVEL READ COMMITTED; args=None
DEBUG 2018-02-27 15:22:11,704 D:\Users\SIMO\AppData\Local\Programs\Python\Python36\lib\site-packages\django\db\backends\utils.py utils.py utils execute 111: (0.002) SHOW FULL TABLES; args=None
DEBUG 2018-02-27 15:22:11,716 D:\Users\SIMO\AppData\Local\Programs\Python\Python36\lib\site-packages\django\db\backends\utils.py utils.py utils execute 111: (0.001) SELECT `django_migrations`.`app`, `django_migrations`.`name` FROM `django_migrations`; args=()
DEBUG 2018-02-27 15:23:18,005 D:\Users\SIMO\AppData\Local\Programs\Python\Python36\lib\site-packages\django\db\backends\utils.py utils.py utils execute 111: (0.000) SELECT @@SQL_AUTO_IS_NULL; args=None
DEBUG 2018-02-27 15:23:18,006 D:\Users\SIMO\AppData\Local\Programs\Python\Python36\lib\site-packages\django\db\backends\utils.py utils.py utils execute 111: (0.001) SET SESSION TRANSACTION ISOLATION LEVEL READ COMMITTED; args=None
DEBUG 2018-02-27 15:23:18,006 D:\Users\SIMO\AppData\Local\Programs\Python\Python36\lib\site-packages\django\db\backends\utils.py utils.py utils execute 111: (0.000) SELECT VERSION(); args=None
DEBUG 2018-02-27 15:23:18,019 D:\Users\SIMO\AppData\Local\Programs\Python\Python36\lib\site-packages\django\db\backends\utils.py utils.py utils execute 111: (0.000) SET SESSION TRANSACTION ISOLATION LEVEL READ COMMITTED; args=None
DEBUG 2018-02-27 15:23:18,026 D:\Users\SIMO\AppData\Local\Programs\Python\Python36\lib\site-packages\django\db\backends\utils.py utils.py utils execute 111: (0.007) SELECT `auth_user`.`id`, `auth_user`.`password`, `auth_user`.`last_login`, `auth_user`.`is_superuser`, `auth_user`.`username`, `auth_user`.`first_name`, `auth_user`.`last_name`, `auth_user`.`phone`, `auth_user`.`email`, `auth_user`.`is_staff`, `auth_user`.`is_active`, `auth_user`.`date_joined` FROM `auth_user` WHERE `auth_user`.`username` = 'litao'; args=('litao',)
DEBUG 2018-02-27 15:23:18,116 D:\Users\SIMO\AppData\Local\Programs\Python\Python36\lib\site-packages\django\db\backends\utils.py utils.py utils execute 111: (0.000) SELECT `authtoken_token`.`key`, `authtoken_token`.`user_id`, `authtoken_token`.`created` FROM `authtoken_token` WHERE `authtoken_token`.`user_id` = 1; args=(1,)
DEBUG 2018-02-27 15:23:18,118 D:\Users\SIMO\AppData\Local\Programs\Python\Python36\lib\site-packages\django\db\backends\utils.py utils.py utils execute 111: (0.000) SELECT `auth_user`.`id`, `auth_user`.`password`, `auth_user`.`last_login`, `auth_user`.`is_superuser`, `auth_user`.`username`, `auth_user`.`first_name`, `auth_user`.`last_name`, `auth_user`.`phone`, `auth_user`.`email`, `auth_user`.`is_staff`, `auth_user`.`is_active`, `auth_user`.`date_joined` FROM `auth_user` WHERE `auth_user`.`id` = 1; args=(1,)
INFO 2018-02-27 15:23:18,131 D:\Users\SIMO\AppData\Local\Programs\Python\Python36\lib\site-packages\django\core\servers\basehttp.py basehttp.py basehttp log_message 124: "POST /api/user/login HTTP/1.1" 200 197
DEBUG 2018-02-27 15:25:55,369 D:\Users\SIMO\AppData\Local\Programs\Python\Python36\lib\site-packages\django\db\backends\utils.py utils.py utils execute 111: (0.001) SELECT @@SQL_AUTO_IS_NULL; args=None
DEBUG 2018-02-27 15:25:55,369 D:\Users\SIMO\AppData\Local\Programs\Python\Python36\lib\site-packages\django\db\backends\utils.py utils.py utils execute 111: (0.000) SET SESSION TRANSACTION ISOLATION LEVEL READ COMMITTED; args=None
DEBUG 2018-02-27 15:25:55,370 D:\Users\SIMO\AppData\Local\Programs\Python\Python36\lib\site-packages\django\db\backends\utils.py utils.py utils execute 111: (0.001) SELECT VERSION(); args=None
DEBUG 2018-02-27 15:25:55,383 D:\Users\SIMO\AppData\Local\Programs\Python\Python36\lib\site-packages\django\db\backends\utils.py utils.py utils execute 111: (0.001) SET SESSION TRANSACTION ISOLATION LEVEL READ COMMITTED; args=None
DEBUG 2018-02-27 15:25:55,383 D:\Users\SIMO\AppData\Local\Programs\Python\Python36\lib\site-packages\django\db\backends\utils.py utils.py utils execute 111: (0.000) SELECT `auth_user`.`id`, `auth_user`.`password`, `auth_user`.`last_login`, `auth_user`.`is_superuser`, `auth_user`.`username`, `auth_user`.`first_name`, `auth_user`.`last_name`, `auth_user`.`phone`, `auth_user`.`email`, `auth_user`.`is_staff`, `auth_user`.`is_active`, `auth_user`.`date_joined` FROM `auth_user` WHERE `auth_user`.`username` = 'litao1'; args=('litao1',)
INFO 2018-02-27 15:25:55,450 D:\Users\SIMO\AppData\Local\Programs\Python\Python36\lib\site-packages\django\core\servers\basehttp.py basehttp.py basehttp log_message 124: "POST /api/user/login HTTP/1.1" 200 47
DEBUG 2018-02-27 15:26:01,351 D:\Users\SIMO\AppData\Local\Programs\Python\Python36\lib\site-packages\django\db\backends\utils.py utils.py utils execute 111: (0.000) SELECT @@SQL_AUTO_IS_NULL; args=None
DEBUG 2018-02-27 15:26:01,351 D:\Users\SIMO\AppData\Local\Programs\Python\Python36\lib\site-packages\django\db\backends\utils.py utils.py utils execute 111: (0.000) SET SESSION TRANSACTION ISOLATION LEVEL READ COMMITTED; args=None
DEBUG 2018-02-27 15:26:01,351 D:\Users\SIMO\AppData\Local\Programs\Python\Python36\lib\site-packages\django\db\backends\utils.py utils.py utils execute 111: (0.000) SELECT VERSION(); args=None
DEBUG 2018-02-27 15:26:01,366 D:\Users\SIMO\AppData\Local\Programs\Python\Python36\lib\site-packages\django\db\backends\utils.py utils.py utils execute 111: (0.000) SET SESSION TRANSACTION ISOLATION LEVEL READ COMMITTED; args=None
DEBUG 2018-02-27 15:26:01,367 D:\Users\SIMO\AppData\Local\Programs\Python\Python36\lib\site-packages\django\db\backends\utils.py utils.py utils execute 111: (0.001) SELECT `auth_user`.`id`, `auth_user`.`password`, `auth_user`.`last_login`, `auth_user`.`is_superuser`, `auth_user`.`username`, `auth_user`.`first_name`, `auth_user`.`last_name`, `auth_user`.`phone`, `auth_user`.`email`, `auth_user`.`is_staff`, `auth_user`.`is_active`, `auth_user`.`date_joined` FROM `auth_user` WHERE `auth_user`.`username` = 'litao'; args=('litao',)
DEBUG 2018-02-27 15:26:01,437 D:\Users\SIMO\AppData\Local\Programs\Python\Python36\lib\site-packages\django\db\backends\utils.py utils.py utils execute 111: (0.001) SELECT `authtoken_token`.`key`, `authtoken_token`.`user_id`, `authtoken_token`.`created` FROM `authtoken_token` WHERE `authtoken_token`.`user_id` = 1; args=(1,)
DEBUG 2018-02-27 15:26:01,439 D:\Users\SIMO\AppData\Local\Programs\Python\Python36\lib\site-packages\django\db\backends\utils.py utils.py utils execute 111: (0.001) SELECT `auth_user`.`id`, `auth_user`.`password`, `auth_user`.`last_login`, `auth_user`.`is_superuser`, `auth_user`.`username`, `auth_user`.`first_name`, `auth_user`.`last_name`, `auth_user`.`phone`, `auth_user`.`email`, `auth_user`.`is_staff`, `auth_user`.`is_active`, `auth_user`.`date_joined` FROM `auth_user` WHERE `auth_user`.`id` = 1; args=(1,)
INFO 2018-02-27 15:26:01,440 D:\Users\SIMO\AppData\Local\Programs\Python\Python36\lib\site-packages\django\core\servers\basehttp.py basehttp.py basehttp log_message 124: "POST /api/user/login HTTP/1.1" 200 197
DEBUG 2018-02-27 15:27:51,484 D:\Users\SIMO\AppData\Local\Programs\Python\Python36\lib\site-packages\django\db\backends\utils.py utils.py utils execute 111: (0.001) SELECT @@SQL_AUTO_IS_NULL; args=None
DEBUG 2018-02-27 15:27:51,484 D:\Users\SIMO\AppData\Local\Programs\Python\Python36\lib\site-packages\django\db\backends\utils.py utils.py utils execute 111: (0.001) SET SESSION TRANSACTION ISOLATION LEVEL READ COMMITTED; args=None
DEBUG 2018-02-27 15:27:51,484 D:\Users\SIMO\AppData\Local\Programs\Python\Python36\lib\site-packages\django\db\backends\utils.py utils.py utils execute 111: (0.000) SELECT VERSION(); args=None
DEBUG 2018-02-27 15:27:51,498 D:\Users\SIMO\AppData\Local\Programs\Python\Python36\lib\site-packages\django\db\backends\utils.py utils.py utils execute 111: (0.001) SET SESSION TRANSACTION ISOLATION LEVEL READ COMMITTED; args=None
DEBUG 2018-02-27 15:27:51,499 D:\Users\SIMO\AppData\Local\Programs\Python\Python36\lib\site-packages\django\db\backends\utils.py utils.py utils execute 111: (0.000) SELECT `auth_user`.`id`, `auth_user`.`password`, `auth_user`.`last_login`, `auth_user`.`is_superuser`, `auth_user`.`username`, `auth_user`.`first_name`, `auth_user`.`last_name`, `auth_user`.`phone`, `auth_user`.`email`, `auth_user`.`is_staff`, `auth_user`.`is_active`, `auth_user`.`date_joined` FROM `auth_user` WHERE `auth_user`.`username` = 'litao'; args=('litao',)
DEBUG 2018-02-27 15:27:51,570 D:\Users\SIMO\AppData\Local\Programs\Python\Python36\lib\site-packages\django\db\backends\utils.py utils.py utils execute 111: (0.000) SELECT `authtoken_token`.`key`, `authtoken_token`.`user_id`, `authtoken_token`.`created` FROM `authtoken_token` WHERE `authtoken_token`.`user_id` = 1; args=(1,)
DEBUG 2018-02-27 15:27:51,572 D:\Users\SIMO\AppData\Local\Programs\Python\Python36\lib\site-packages\django\db\backends\utils.py utils.py utils execute 111: (0.000) SELECT `auth_user`.`id`, `auth_user`.`password`, `auth_user`.`last_login`, `auth_user`.`is_superuser`, `auth_user`.`username`, `auth_user`.`first_name`, `auth_user`.`last_name`, `auth_user`.`phone`, `auth_user`.`email`, `auth_user`.`is_staff`, `auth_user`.`is_active`, `auth_user`.`date_joined` FROM `auth_user` WHERE `auth_user`.`id` = 1; args=(1,)
INFO 2018-02-27 15:27:51,573 D:\Users\SIMO\AppData\Local\Programs\Python\Python36\lib\site-packages\django\core\servers\basehttp.py basehttp.py basehttp log_message 124: "POST /api/user/login HTTP/1.1" 200 197
DEBUG 2018-02-27 15:28:55,453 D:\Users\SIMO\AppData\Local\Programs\Python\Python36\lib\site-packages\django\db\backends\utils.py utils.py utils execute 111: (0.001) SELECT @@SQL_AUTO_IS_NULL; args=None
DEBUG 2018-02-27 15:28:55,453 D:\Users\SIMO\AppData\Local\Programs\Python\Python36\lib\site-packages\django\db\backends\utils.py utils.py utils execute 111: (0.000) SET SESSION TRANSACTION ISOLATION LEVEL READ COMMITTED; args=None
DEBUG 2018-02-27 15:28:55,454 D:\Users\SIMO\AppData\Local\Programs\Python\Python36\lib\site-packages\django\db\backends\utils.py utils.py utils execute 111: (0.001) SELECT VERSION(); args=None
DEBUG 2018-02-27 15:28:55,467 D:\Users\SIMO\AppData\Local\Programs\Python\Python36\lib\site-packages\django\db\backends\utils.py utils.py utils execute 111: (0.000) SET SESSION TRANSACTION ISOLATION LEVEL READ COMMITTED; args=None
DEBUG 2018-02-27 15:28:55,468 D:\Users\SIMO\AppData\Local\Programs\Python\Python36\lib\site-packages\django\db\backends\utils.py utils.py utils execute 111: (0.001) SELECT `auth_user`.`id`, `auth_user`.`password`, `auth_user`.`last_login`, `auth_user`.`is_superuser`, `auth_user`.`username`, `auth_user`.`first_name`, `auth_user`.`last_name`, `auth_user`.`phone`, `auth_user`.`email`, `auth_user`.`is_staff`, `auth_user`.`is_active`, `auth_user`.`date_joined` FROM `auth_user` WHERE `auth_user`.`username` = 'litao'; args=('litao',)
DEBUG 2018-02-27 15:28:55,540 D:\Users\SIMO\AppData\Local\Programs\Python\Python36\lib\site-packages\django\db\backends\utils.py utils.py utils execute 111: (0.000) SELECT `authtoken_token`.`key`, `authtoken_token`.`user_id`, `authtoken_token`.`created` FROM `authtoken_token` WHERE `authtoken_token`.`user_id` = 1; args=(1,)
DEBUG 2018-02-27 15:28:55,542 D:\Users\SIMO\AppData\Local\Programs\Python\Python36\lib\site-packages\django\db\backends\utils.py utils.py utils execute 111: (0.000) SELECT `auth_user`.`id`, `auth_user`.`password`, `auth_user`.`last_login`, `auth_user`.`is_superuser`, `auth_user`.`username`, `auth_user`.`first_name`, `auth_user`.`last_name`, `auth_user`.`phone`, `auth_user`.`email`, `auth_user`.`is_staff`, `auth_user`.`is_active`, `auth_user`.`date_joined` FROM `auth_user` WHERE `auth_user`.`id` = 1; args=(1,)
INFO 2018-02-27 15:28:55,543 D:\Users\SIMO\AppData\Local\Programs\Python\Python36\lib\site-packages\django\core\servers\basehttp.py basehttp.py basehttp log_message 124: "POST /api/user/login HTTP/1.1" 200 197
DEBUG 2018-02-27 15:29:34,373 D:\Users\SIMO\AppData\Local\Programs\Python\Python36\lib\site-packages\django\db\backends\utils.py utils.py utils execute 111: (0.000) SELECT @@SQL_AUTO_IS_NULL; args=None
DEBUG 2018-02-27 15:29:34,373 D:\Users\SIMO\AppData\Local\Programs\Python\Python36\lib\site-packages\django\db\backends\utils.py utils.py utils execute 111: (0.000) SET SESSION TRANSACTION ISOLATION LEVEL READ COMMITTED; args=None
DEBUG 2018-02-27 15:29:34,374 D:\Users\SIMO\AppData\Local\Programs\Python\Python36\lib\site-packages\django\db\backends\utils.py utils.py utils execute 111: (0.000) SELECT VERSION(); args=None
DEBUG 2018-02-27 15:29:34,388 D:\Users\SIMO\AppData\Local\Programs\Python\Python36\lib\site-packages\django\db\backends\utils.py utils.py utils execute 111: (0.000) SET SESSION TRANSACTION ISOLATION LEVEL READ COMMITTED; args=None
DEBUG 2018-02-27 15:29:34,389 D:\Users\SIMO\AppData\Local\Programs\Python\Python36\lib\site-packages\django\db\backends\utils.py utils.py utils execute 111: (0.001) SELECT `auth_user`.`id`, `auth_user`.`password`, `auth_user`.`last_login`, `auth_user`.`is_superuser`, `auth_user`.`username`, `auth_user`.`first_name`, `auth_user`.`last_name`, `auth_user`.`phone`, `auth_user`.`email`, `auth_user`.`is_staff`, `auth_user`.`is_active`, `auth_user`.`date_joined` FROM `auth_user` WHERE `auth_user`.`username` = 'litao'; args=('litao',)
DEBUG 2018-02-27 15:29:34,459 D:\Users\SIMO\AppData\Local\Programs\Python\Python36\lib\site-packages\django\db\backends\utils.py utils.py utils execute 111: (0.001) SELECT `authtoken_token`.`key`, `authtoken_token`.`user_id`, `authtoken_token`.`created` FROM `authtoken_token` WHERE `authtoken_token`.`user_id` = 1; args=(1,)
DEBUG 2018-02-27 15:29:34,461 D:\Users\SIMO\AppData\Local\Programs\Python\Python36\lib\site-packages\django\db\backends\utils.py utils.py utils execute 111: (0.001) SELECT `auth_user`.`id`, `auth_user`.`password`, `auth_user`.`last_login`, `auth_user`.`is_superuser`, `auth_user`.`username`, `auth_user`.`first_name`, `auth_user`.`last_name`, `auth_user`.`phone`, `auth_user`.`email`, `auth_user`.`is_staff`, `auth_user`.`is_active`, `auth_user`.`date_joined` FROM `auth_user` WHERE `auth_user`.`id` = 1; args=(1,)
INFO 2018-02-27 15:29:34,462 D:\Users\SIMO\AppData\Local\Programs\Python\Python36\lib\site-packages\django\core\servers\basehttp.py basehttp.py basehttp log_message 124: "POST /api/user/login HTTP/1.1" 200 197
DEBUG 2018-02-27 15:43:53,882 D:\Users\SIMO\AppData\Local\Programs\Python\Python36\lib\site-packages\django\db\backends\utils.py utils.py utils execute 111: (0.001) SELECT @@SQL_AUTO_IS_NULL; args=None
DEBUG 2018-02-27 15:43:53,882 D:\Users\SIMO\AppData\Local\Programs\Python\Python36\lib\site-packages\django\db\backends\utils.py utils.py utils execute 111: (0.000) SET SESSION TRANSACTION ISOLATION LEVEL READ COMMITTED; args=None
DEBUG 2018-02-27 15:43:53,883 D:\Users\SIMO\AppData\Local\Programs\Python\Python36\lib\site-packages\django\db\backends\utils.py utils.py utils execute 111: (0.001) SELECT VERSION(); args=None
DEBUG 2018-02-27 15:43:53,922 D:\Users\SIMO\AppData\Local\Programs\Python\Python36\lib\site-packages\django\db\backends\utils.py utils.py utils execute 111: (0.001) SET SESSION TRANSACTION ISOLATION LEVEL READ COMMITTED; args=None
DEBUG 2018-02-27 15:43:53,923 D:\Users\SIMO\AppData\Local\Programs\Python\Python36\lib\site-packages\django\db\backends\utils.py utils.py utils execute 111: (0.001) SHOW FULL TABLES; args=None
DEBUG 2018-02-27 15:43:53,925 D:\Users\SIMO\AppData\Local\Programs\Python\Python36\lib\site-packages\django\db\backends\utils.py utils.py utils execute 111: (0.000) SELECT `django_migrations`.`app`, `django_migrations`.`name` FROM `django_migrations`; args=()
DEBUG 2018-02-27 16:17:40,580 D:\Users\SIMO\AppData\Local\Programs\Python\Python36\lib\site-packages\django\db\backends\utils.py utils.py utils execute 111: (0.000) SELECT @@SQL_AUTO_IS_NULL; args=None
DEBUG 2018-02-27 16:17:40,580 D:\Users\SIMO\AppData\Local\Programs\Python\Python36\lib\site-packages\django\db\backends\utils.py utils.py utils execute 111: (0.000) SET SESSION TRANSACTION ISOLATION LEVEL READ COMMITTED; args=None
DEBUG 2018-02-27 16:17:40,581 D:\Users\SIMO\AppData\Local\Programs\Python\Python36\lib\site-packages\django\db\backends\utils.py utils.py utils execute 111: (0.000) SELECT VERSION(); args=None
DEBUG 2018-02-27 16:17:40,593 D:\Users\SIMO\AppData\Local\Programs\Python\Python36\lib\site-packages\django\db\backends\utils.py utils.py utils execute 111: (0.000) SET SESSION TRANSACTION ISOLATION LEVEL READ COMMITTED; args=None
DEBUG 2018-02-27 16:17:40,594 D:\Users\SIMO\AppData\Local\Programs\Python\Python36\lib\site-packages\django\db\backends\utils.py utils.py utils execute 111: (0.000) SELECT `auth_user`.`id`, `auth_user`.`password`, `auth_user`.`last_login`, `auth_user`.`is_superuser`, `auth_user`.`username`, `auth_user`.`first_name`, `auth_user`.`last_name`, `auth_user`.`phone`, `auth_user`.`email`, `auth_user`.`is_staff`, `auth_user`.`is_active`, `auth_user`.`date_joined` FROM `auth_user` WHERE `auth_user`.`username` = 'litao'; args=('litao',)
DEBUG 2018-02-27 16:17:40,664 D:\Users\SIMO\AppData\Local\Programs\Python\Python36\lib\site-packages\django\db\backends\utils.py utils.py utils execute 111: (0.001) SELECT `authtoken_token`.`key`, `authtoken_token`.`user_id`, `authtoken_token`.`created` FROM `authtoken_token` WHERE `authtoken_token`.`user_id` = 1; args=(1,)
DEBUG 2018-02-27 16:17:40,666 D:\Users\SIMO\AppData\Local\Programs\Python\Python36\lib\site-packages\django\db\backends\utils.py utils.py utils execute 111: (0.000) SELECT `auth_user`.`id`, `auth_user`.`password`, `auth_user`.`last_login`, `auth_user`.`is_superuser`, `auth_user`.`username`, `auth_user`.`first_name`, `auth_user`.`last_name`, `auth_user`.`phone`, `auth_user`.`email`, `auth_user`.`is_staff`, `auth_user`.`is_active`, `auth_user`.`date_joined` FROM `auth_user` WHERE `auth_user`.`id` = 1; args=(1,)
INFO 2018-02-27 16:17:40,667 D:\Users\SIMO\AppData\Local\Programs\Python\Python36\lib\site-packages\django\core\servers\basehttp.py basehttp.py basehttp log_message 124: "POST /api/user/login HTTP/1.1" 200 197
DEBUG 2018-02-27 16:47:22,503 D:\Users\SIMO\AppData\Local\Programs\Python\Python36\lib\site-packages\django\db\backends\utils.py utils.py utils execute 111: (0.001) SELECT @@SQL_AUTO_IS_NULL; args=None
DEBUG 2018-02-27 16:47:22,504 D:\Users\SIMO\AppData\Local\Programs\Python\Python36\lib\site-packages\django\db\backends\utils.py utils.py utils execute 111: (0.001) SET SESSION TRANSACTION ISOLATION LEVEL READ COMMITTED; args=None
DEBUG 2018-02-27 16:47:22,504 D:\Users\SIMO\AppData\Local\Programs\Python\Python36\lib\site-packages\django\db\backends\utils.py utils.py utils execute 111: (0.000) SELECT VERSION(); args=None
DEBUG 2018-02-27 16:47:22,540 D:\Users\SIMO\AppData\Local\Programs\Python\Python36\lib\site-packages\django\db\backends\utils.py utils.py utils execute 111: (0.000) SET SESSION TRANSACTION ISOLATION LEVEL READ COMMITTED; args=None
DEBUG 2018-02-27 16:47:22,541 D:\Users\SIMO\AppData\Local\Programs\Python\Python36\lib\site-packages\django\db\backends\utils.py utils.py utils execute 111: (0.000) SHOW FULL TABLES; args=None
DEBUG 2018-02-27 16:47:22,544 D:\Users\SIMO\AppData\Local\Programs\Python\Python36\lib\site-packages\django\db\backends\utils.py utils.py utils execute 111: (0.001) SELECT `django_migrations`.`app`, `django_migrations`.`name` FROM `django_migrations`; args=()
DEBUG 2018-02-27 16:47:26,019 D:\Users\SIMO\AppData\Local\Programs\Python\Python36\lib\site-packages\django\db\backends\utils.py utils.py utils execute 111: (0.000) SELECT @@SQL_AUTO_IS_NULL; args=None
DEBUG 2018-02-27 16:47:26,020 D:\Users\SIMO\AppData\Local\Programs\Python\Python36\lib\site-packages\django\db\backends\utils.py utils.py utils execute 111: (0.000) SET SESSION TRANSACTION ISOLATION LEVEL READ COMMITTED; args=None
DEBUG 2018-02-27 16:47:26,021 D:\Users\SIMO\AppData\Local\Programs\Python\Python36\lib\site-packages\django\db\backends\utils.py utils.py utils execute 111: (0.000) SELECT VERSION(); args=None
DEBUG 2018-02-27 16:47:26,034 D:\Users\SIMO\AppData\Local\Programs\Python\Python36\lib\site-packages\django\db\backends\utils.py utils.py utils execute 111: (0.000) SET SESSION TRANSACTION ISOLATION LEVEL READ COMMITTED; args=None
DEBUG 2018-02-27 16:47:26,035 D:\Users\SIMO\AppData\Local\Programs\Python\Python36\lib\site-packages\django\db\backends\utils.py utils.py utils execute 111: (0.001) SELECT `auth_user`.`id`, `auth_user`.`password`, `auth_user`.`last_login`, `auth_user`.`is_superuser`, `auth_user`.`username`, `auth_user`.`first_name`, `auth_user`.`last_name`, `auth_user`.`phone`, `auth_user`.`email`, `auth_user`.`is_staff`, `auth_user`.`is_active`, `auth_user`.`date_joined` FROM `auth_user` WHERE `auth_user`.`username` = 'litao'; args=('litao',)
DEBUG 2018-02-27 16:47:26,106 D:\Users\SIMO\AppData\Local\Programs\Python\Python36\lib\site-packages\django\db\backends\utils.py utils.py utils execute 111: (0.000) SELECT `authtoken_token`.`key`, `authtoken_token`.`user_id`, `authtoken_token`.`created` FROM `authtoken_token` WHERE `authtoken_token`.`user_id` = 1; args=(1,)
DEBUG 2018-02-27 16:47:26,108 D:\Users\SIMO\AppData\Local\Programs\Python\Python36\lib\site-packages\django\db\backends\utils.py utils.py utils execute 111: (0.001) SELECT `auth_user`.`id`, `auth_user`.`password`, `auth_user`.`last_login`, `auth_user`.`is_superuser`, `auth_user`.`username`, `auth_user`.`first_name`, `auth_user`.`last_name`, `auth_user`.`phone`, `auth_user`.`email`, `auth_user`.`is_staff`, `auth_user`.`is_active`, `auth_user`.`date_joined` FROM `auth_user` WHERE `auth_user`.`id` = 1; args=(1,)
INFO 2018-02-27 16:47:26,109 D:\Users\SIMO\AppData\Local\Programs\Python\Python36\lib\site-packages\django\core\servers\basehttp.py basehttp.py basehttp log_message 124: "POST /api/user/login HTTP/1.1" 200 197
DEBUG 2018-02-27 16:48:00,720 D:\Users\SIMO\AppData\Local\Programs\Python\Python36\lib\site-packages\django\db\backends\utils.py utils.py utils execute 111: (0.001) SELECT @@SQL_AUTO_IS_NULL; args=None
DEBUG 2018-02-27 16:48:00,720 D:\Users\SIMO\AppData\Local\Programs\Python\Python36\lib\site-packages\django\db\backends\utils.py utils.py utils execute 111: (0.000) SET SESSION TRANSACTION ISOLATION LEVEL READ COMMITTED; args=None
DEBUG 2018-02-27 16:48:00,721 D:\Users\SIMO\AppData\Local\Programs\Python\Python36\lib\site-packages\django\db\backends\utils.py utils.py utils execute 111: (0.001) SELECT VERSION(); args=None
DEBUG 2018-02-27 16:48:00,733 D:\Users\SIMO\AppData\Local\Programs\Python\Python36\lib\site-packages\django\db\backends\utils.py utils.py utils execute 111: (0.000) SET SESSION TRANSACTION ISOLATION LEVEL READ COMMITTED; args=None
DEBUG 2018-02-27 16:48:00,734 D:\Users\SIMO\AppData\Local\Programs\Python\Python36\lib\site-packages\django\db\backends\utils.py utils.py utils execute 111: (0.001) SELECT `auth_user`.`id`, `auth_user`.`password`, `auth_user`.`last_login`, `auth_user`.`is_superuser`, `auth_user`.`username`, `auth_user`.`first_name`, `auth_user`.`last_name`, `auth_user`.`phone`, `auth_user`.`email`, `auth_user`.`is_staff`, `auth_user`.`is_active`, `auth_user`.`date_joined` FROM `auth_user` WHERE `auth_user`.`username` = 'litao'; args=('litao',)
DEBUG 2018-02-27 16:48:00,804 D:\Users\SIMO\AppData\Local\Programs\Python\Python36\lib\site-packages\django\db\backends\utils.py utils.py utils execute 111: (0.000) SELECT `authtoken_token`.`key`, `authtoken_token`.`user_id`, `authtoken_token`.`created` FROM `authtoken_token` WHERE `authtoken_token`.`user_id` = 1; args=(1,)
DEBUG 2018-02-27 16:48:00,807 D:\Users\SIMO\AppData\Local\Programs\Python\Python36\lib\site-packages\django\db\backends\utils.py utils.py utils execute 111: (0.001) SELECT `auth_user`.`id`, `auth_user`.`password`, `auth_user`.`last_login`, `auth_user`.`is_superuser`, `auth_user`.`username`, `auth_user`.`first_name`, `auth_user`.`last_name`, `auth_user`.`phone`, `auth_user`.`email`, `auth_user`.`is_staff`, `auth_user`.`is_active`, `auth_user`.`date_joined` FROM `auth_user` WHERE `auth_user`.`id` = 1; args=(1,)
INFO 2018-02-27 16:48:00,808 D:\Users\SIMO\AppData\Local\Programs\Python\Python36\lib\site-packages\django\core\servers\basehttp.py basehttp.py basehttp log_message 124: "POST /api/user/login HTTP/1.1" 200 197
DEBUG 2018-02-27 16:48:14,132 D:\Users\SIMO\AppData\Local\Programs\Python\Python36\lib\site-packages\django\db\backends\utils.py utils.py utils execute 111: (0.000) SELECT @@SQL_AUTO_IS_NULL; args=None
DEBUG 2018-02-27 16:48:14,133 D:\Users\SIMO\AppData\Local\Programs\Python\Python36\lib\site-packages\django\db\backends\utils.py utils.py utils execute 111: (0.001) SET SESSION TRANSACTION ISOLATION LEVEL READ COMMITTED; args=None
DEBUG 2018-02-27 16:48:14,133 D:\Users\SIMO\AppData\Local\Programs\Python\Python36\lib\site-packages\django\db\backends\utils.py utils.py utils execute 111: (0.000) SELECT VERSION(); args=None
DEBUG 2018-02-27 16:48:14,145 D:\Users\SIMO\AppData\Local\Programs\Python\Python36\lib\site-packages\django\db\backends\utils.py utils.py utils execute 111: (0.000) SET SESSION TRANSACTION ISOLATION LEVEL READ COMMITTED; args=None
DEBUG 2018-02-27 16:48:14,146 D:\Users\SIMO\AppData\Local\Programs\Python\Python36\lib\site-packages\django\db\backends\utils.py utils.py utils execute 111: (0.001) SELECT `auth_user`.`id`, `auth_user`.`password`, `auth_user`.`last_login`, `auth_user`.`is_superuser`, `auth_user`.`username`, `auth_user`.`first_name`, `auth_user`.`last_name`, `auth_user`.`phone`, `auth_user`.`email`, `auth_user`.`is_staff`, `auth_user`.`is_active`, `auth_user`.`date_joined` FROM `auth_user` WHERE `auth_user`.`username` = 'litao1'; args=('litao1',)
INFO 2018-02-27 16:48:14,217 D:\Users\SIMO\AppData\Local\Programs\Python\Python36\lib\site-packages\django\core\servers\basehttp.py basehttp.py basehttp log_message 124: "POST /api/user/login HTTP/1.1" 200 47
DEBUG 2018-02-27 16:48:19,255 D:\Users\SIMO\AppData\Local\Programs\Python\Python36\lib\site-packages\django\db\backends\utils.py utils.py utils execute 111: (0.000) SELECT @@SQL_AUTO_IS_NULL; args=None
DEBUG 2018-02-27 16:48:19,256 D:\Users\SIMO\AppData\Local\Programs\Python\Python36\lib\site-packages\django\db\backends\utils.py utils.py utils execute 111: (0.001) SET SESSION TRANSACTION ISOLATION LEVEL READ COMMITTED; args=None
DEBUG 2018-02-27 16:48:19,256 D:\Users\SIMO\AppData\Local\Programs\Python\Python36\lib\site-packages\django\db\backends\utils.py utils.py utils execute 111: (0.000) SELECT VERSION(); args=None
DEBUG 2018-02-27 16:48:19,268 D:\Users\SIMO\AppData\Local\Programs\Python\Python36\lib\site-packages\django\db\backends\utils.py utils.py utils execute 111: (0.000) SET SESSION TRANSACTION ISOLATION LEVEL READ COMMITTED; args=None
DEBUG 2018-02-27 16:48:19,269 D:\Users\SIMO\AppData\Local\Programs\Python\Python36\lib\site-packages\django\db\backends\utils.py utils.py utils execute 111: (0.001) SELECT `auth_user`.`id`, `auth_user`.`password`, `auth_user`.`last_login`, `auth_user`.`is_superuser`, `auth_user`.`username`, `auth_user`.`first_name`, `auth_user`.`last_name`, `auth_user`.`phone`, `auth_user`.`email`, `auth_user`.`is_staff`, `auth_user`.`is_active`, `auth_user`.`date_joined` FROM `auth_user` WHERE `auth_user`.`username` = 'litao'; args=('litao',)
DEBUG 2018-02-27 16:48:19,342 D:\Users\SIMO\AppData\Local\Programs\Python\Python36\lib\site-packages\django\db\backends\utils.py utils.py utils execute 111: (0.001) SELECT `authtoken_token`.`key`, `authtoken_token`.`user_id`, `authtoken_token`.`created` FROM `authtoken_token` WHERE `authtoken_token`.`user_id` = 1; args=(1,)
DEBUG 2018-02-27 16:48:19,343 D:\Users\SIMO\AppData\Local\Programs\Python\Python36\lib\site-packages\django\db\backends\utils.py utils.py utils execute 111: (0.000) SELECT `auth_user`.`id`, `auth_user`.`password`, `auth_user`.`last_login`, `auth_user`.`is_superuser`, `auth_user`.`username`, `auth_user`.`first_name`, `auth_user`.`last_name`, `auth_user`.`phone`, `auth_user`.`email`, `auth_user`.`is_staff`, `auth_user`.`is_active`, `auth_user`.`date_joined` FROM `auth_user` WHERE `auth_user`.`id` = 1; args=(1,)
INFO 2018-02-27 16:48:19,344 D:\Users\SIMO\AppData\Local\Programs\Python\Python36\lib\site-packages\django\core\servers\basehttp.py basehttp.py basehttp log_message 124: "POST /api/user/login HTTP/1.1" 200 197
DEBUG 2018-02-27 16:51:42,986 D:\Users\SIMO\AppData\Local\Programs\Python\Python36\lib\site-packages\django\db\backends\utils.py utils.py utils execute 111: (0.001) SELECT @@SQL_AUTO_IS_NULL; args=None
DEBUG 2018-02-27 16:51:42,986 D:\Users\SIMO\AppData\Local\Programs\Python\Python36\lib\site-packages\django\db\backends\utils.py utils.py utils execute 111: (0.000) SET SESSION TRANSACTION ISOLATION LEVEL READ COMMITTED; args=None
DEBUG 2018-02-27 16:51:42,986 D:\Users\SIMO\AppData\Local\Programs\Python\Python36\lib\site-packages\django\db\backends\utils.py utils.py utils execute 111: (0.000) SELECT VERSION(); args=None
DEBUG 2018-02-27 16:51:43,000 D:\Users\SIMO\AppData\Local\Programs\Python\Python36\lib\site-packages\django\db\backends\utils.py utils.py utils execute 111: (0.000) SET SESSION TRANSACTION ISOLATION LEVEL READ COMMITTED; args=None
DEBUG 2018-02-27 16:51:43,000 D:\Users\SIMO\AppData\Local\Programs\Python\Python36\lib\site-packages\django\db\backends\utils.py utils.py utils execute 111: (0.000) SELECT `auth_user`.`id`, `auth_user`.`password`, `auth_user`.`last_login`, `auth_user`.`is_superuser`, `auth_user`.`username`, `auth_user`.`first_name`, `auth_user`.`last_name`, `auth_user`.`phone`, `auth_user`.`email`, `auth_user`.`is_staff`, `auth_user`.`is_active`, `auth_user`.`date_joined` FROM `auth_user` WHERE `auth_user`.`username` = 'litao'; args=('litao',)
DEBUG 2018-02-27 16:51:43,071 D:\Users\SIMO\AppData\Local\Programs\Python\Python36\lib\site-packages\django\db\backends\utils.py utils.py utils execute 111: (0.001) SELECT `authtoken_token`.`key`, `authtoken_token`.`user_id`, `authtoken_token`.`created` FROM `authtoken_token` WHERE `authtoken_token`.`user_id` = 1; args=(1,)
DEBUG 2018-02-27 16:51:43,073 D:\Users\SIMO\AppData\Local\Programs\Python\Python36\lib\site-packages\django\db\backends\utils.py utils.py utils execute 111: (0.001) SELECT `auth_user`.`id`, `auth_user`.`password`, `auth_user`.`last_login`, `auth_user`.`is_superuser`, `auth_user`.`username`, `auth_user`.`first_name`, `auth_user`.`last_name`, `auth_user`.`phone`, `auth_user`.`email`, `auth_user`.`is_staff`, `auth_user`.`is_active`, `auth_user`.`date_joined` FROM `auth_user` WHERE `auth_user`.`id` = 1; args=(1,)
INFO 2018-02-27 16:51:43,074 D:\Users\SIMO\AppData\Local\Programs\Python\Python36\lib\site-packages\django\core\servers\basehttp.py basehttp.py basehttp log_message 124: "POST /api/user/login HTTP/1.1" 200 197
DEBUG 2018-02-27 16:58:19,116 D:\Users\SIMO\AppData\Local\Programs\Python\Python36\lib\site-packages\django\db\backends\utils.py utils.py utils execute 111: (0.000) SELECT @@SQL_AUTO_IS_NULL; args=None
DEBUG 2018-02-27 16:58:19,117 D:\Users\SIMO\AppData\Local\Programs\Python\Python36\lib\site-packages\django\db\backends\utils.py utils.py utils execute 111: (0.001) SET SESSION TRANSACTION ISOLATION LEVEL READ COMMITTED; args=None
DEBUG 2018-02-27 16:58:19,117 D:\Users\SIMO\AppData\Local\Programs\Python\Python36\lib\site-packages\django\db\backends\utils.py utils.py utils execute 111: (0.000) SELECT VERSION(); args=None
DEBUG 2018-02-27 16:58:19,130 D:\Users\SIMO\AppData\Local\Programs\Python\Python36\lib\site-packages\django\db\backends\utils.py utils.py utils execute 111: (0.001) SET SESSION TRANSACTION ISOLATION LEVEL READ COMMITTED; args=None
DEBUG 2018-02-27 16:58:19,131 D:\Users\SIMO\AppData\Local\Programs\Python\Python36\lib\site-packages\django\db\backends\utils.py utils.py utils execute 111: (0.001) SELECT `auth_user`.`id`, `auth_user`.`password`, `auth_user`.`last_login`, `auth_user`.`is_superuser`, `auth_user`.`username`, `auth_user`.`first_name`, `auth_user`.`last_name`, `auth_user`.`phone`, `auth_user`.`email`, `auth_user`.`is_staff`, `auth_user`.`is_active`, `auth_user`.`date_joined` FROM `auth_user` WHERE `auth_user`.`username` = 'litao'; args=('litao',)
DEBUG 2018-02-27 16:58:19,204 D:\Users\SIMO\AppData\Local\Programs\Python\Python36\lib\site-packages\django\db\backends\utils.py utils.py utils execute 111: (0.001) SELECT `authtoken_token`.`key`, `authtoken_token`.`user_id`, `authtoken_token`.`created` FROM `authtoken_token` WHERE `authtoken_token`.`user_id` = 1; args=(1,)
DEBUG 2018-02-27 16:58:19,207 D:\Users\SIMO\AppData\Local\Programs\Python\Python36\lib\site-packages\django\db\backends\utils.py utils.py utils execute 111: (0.000) SELECT `auth_user`.`id`, `auth_user`.`password`, `auth_user`.`last_login`, `auth_user`.`is_superuser`, `auth_user`.`username`, `auth_user`.`first_name`, `auth_user`.`last_name`, `auth_user`.`phone`, `auth_user`.`email`, `auth_user`.`is_staff`, `auth_user`.`is_active`, `auth_user`.`date_joined` FROM `auth_user` WHERE `auth_user`.`id` = 1; args=(1,)
INFO 2018-02-27 16:58:19,207 D:\Users\SIMO\AppData\Local\Programs\Python\Python36\lib\site-packages\django\core\servers\basehttp.py basehttp.py basehttp log_message 124: "POST /api/user/login HTTP/1.1" 200 197
DEBUG 2018-02-27 16:59:25,981 D:\Users\SIMO\AppData\Local\Programs\Python\Python36\lib\site-packages\django\db\backends\utils.py utils.py utils execute 111: (0.000) SELECT @@SQL_AUTO_IS_NULL; args=None
DEBUG 2018-02-27 16:59:25,982 D:\Users\SIMO\AppData\Local\Programs\Python\Python36\lib\site-packages\django\db\backends\utils.py utils.py utils execute 111: (0.000) SET SESSION TRANSACTION ISOLATION LEVEL READ COMMITTED; args=None
DEBUG 2018-02-27 16:59:25,982 D:\Users\SIMO\AppData\Local\Programs\Python\Python36\lib\site-packages\django\db\backends\utils.py utils.py utils execute 111: (0.000) SELECT VERSION(); args=None
DEBUG 2018-02-27 16:59:25,995 D:\Users\SIMO\AppData\Local\Programs\Python\Python36\lib\site-packages\django\db\backends\utils.py utils.py utils execute 111: (0.001) SET SESSION TRANSACTION ISOLATION LEVEL READ COMMITTED; args=None
DEBUG 2018-02-27 16:59:25,995 D:\Users\SIMO\AppData\Local\Programs\Python\Python36\lib\site-packages\django\db\backends\utils.py utils.py utils execute 111: (0.000) SELECT `auth_user`.`id`, `auth_user`.`password`, `auth_user`.`last_login`, `auth_user`.`is_superuser`, `auth_user`.`username`, `auth_user`.`first_name`, `auth_user`.`last_name`, `auth_user`.`phone`, `auth_user`.`email`, `auth_user`.`is_staff`, `auth_user`.`is_active`, `auth_user`.`date_joined` FROM `auth_user` WHERE `auth_user`.`username` = 'litao'; args=('litao',)
DEBUG 2018-02-27 16:59:26,066 D:\Users\SIMO\AppData\Local\Programs\Python\Python36\lib\site-packages\django\db\backends\utils.py utils.py utils execute 111: (0.000) SELECT `authtoken_token`.`key`, `authtoken_token`.`user_id`, `authtoken_token`.`created` FROM `authtoken_token` WHERE `authtoken_token`.`user_id` = 1; args=(1,)
DEBUG 2018-02-27 16:59:26,068 D:\Users\SIMO\AppData\Local\Programs\Python\Python36\lib\site-packages\django\db\backends\utils.py utils.py utils execute 111: (0.001) SELECT `auth_user`.`id`, `auth_user`.`password`, `auth_user`.`last_login`, `auth_user`.`is_superuser`, `auth_user`.`username`, `auth_user`.`first_name`, `auth_user`.`last_name`, `auth_user`.`phone`, `auth_user`.`email`, `auth_user`.`is_staff`, `auth_user`.`is_active`, `auth_user`.`date_joined` FROM `auth_user` WHERE `auth_user`.`id` = 1; args=(1,)
INFO 2018-02-27 16:59:26,069 D:\Users\SIMO\AppData\Local\Programs\Python\Python36\lib\site-packages\django\core\servers\basehttp.py basehttp.py basehttp log_message 124: "POST /api/user/login HTTP/1.1" 200 197
DEBUG 2018-02-27 16:59:52,450 D:\Users\SIMO\AppData\Local\Programs\Python\Python36\lib\site-packages\django\db\backends\utils.py utils.py utils execute 111: (0.000) SELECT @@SQL_AUTO_IS_NULL; args=None
DEBUG 2018-02-27 16:59:52,451 D:\Users\SIMO\AppData\Local\Programs\Python\Python36\lib\site-packages\django\db\backends\utils.py utils.py utils execute 111: (0.000) SET SESSION TRANSACTION ISOLATION LEVEL READ COMMITTED; args=None
DEBUG 2018-02-27 16:59:52,451 D:\Users\SIMO\AppData\Local\Programs\Python\Python36\lib\site-packages\django\db\backends\utils.py utils.py utils execute 111: (0.000) SELECT VERSION(); args=None
DEBUG 2018-02-27 16:59:52,465 D:\Users\SIMO\AppData\Local\Programs\Python\Python36\lib\site-packages\django\db\backends\utils.py utils.py utils execute 111: (0.001) SET SESSION TRANSACTION ISOLATION LEVEL READ COMMITTED; args=None
DEBUG 2018-02-27 16:59:52,465 D:\Users\SIMO\AppData\Local\Programs\Python\Python36\lib\site-packages\django\db\backends\utils.py utils.py utils execute 111: (0.000) SELECT `auth_user`.`id`, `auth_user`.`password`, `auth_user`.`last_login`, `auth_user`.`is_superuser`, `auth_user`.`username`, `auth_user`.`first_name`, `auth_user`.`last_name`, `auth_user`.`phone`, `auth_user`.`email`, `auth_user`.`is_staff`, `auth_user`.`is_active`, `auth_user`.`date_joined` FROM `auth_user` WHERE `auth_user`.`username` = 'litao'; args=('litao',)
DEBUG 2018-02-27 16:59:52,542 D:\Users\SIMO\AppData\Local\Programs\Python\Python36\lib\site-packages\django\db\backends\utils.py utils.py utils execute 111: (0.000) SELECT `authtoken_token`.`key`, `authtoken_token`.`user_id`, `authtoken_token`.`created` FROM `authtoken_token` WHERE `authtoken_token`.`user_id` = 1; args=(1,)
DEBUG 2018-02-27 16:59:52,544 D:\Users\SIMO\AppData\Local\Programs\Python\Python36\lib\site-packages\django\db\backends\utils.py utils.py utils execute 111: (0.000) SELECT `auth_user`.`id`, `auth_user`.`password`, `auth_user`.`last_login`, `auth_user`.`is_superuser`, `auth_user`.`username`, `auth_user`.`first_name`, `auth_user`.`last_name`, `auth_user`.`phone`, `auth_user`.`email`, `auth_user`.`is_staff`, `auth_user`.`is_active`, `auth_user`.`date_joined` FROM `auth_user` WHERE `auth_user`.`id` = 1; args=(1,)
INFO 2018-02-27 16:59:52,545 D:\Users\SIMO\AppData\Local\Programs\Python\Python36\lib\site-packages\django\core\servers\basehttp.py basehttp.py basehttp log_message 124: "POST /api/user/login HTTP/1.1" 200 197
ERROR 2018-02-27 17:00:35,246 D:\Users\SIMO\AppData\Local\Programs\Python\Python36\lib\site-packages\django\core\servers\basehttp.py basehttp.py basehttp log_message 124: "GET / HTTP/1.1" 500 84354
DEBUG 2018-02-27 17:07:31,854 D:\Users\SIMO\AppData\Local\Programs\Python\Python36\lib\site-packages\django\db\backends\utils.py utils.py utils execute 111: (0.000) SELECT @@SQL_AUTO_IS_NULL; args=None
DEBUG 2018-02-27 17:07:31,855 D:\Users\SIMO\AppData\Local\Programs\Python\Python36\lib\site-packages\django\db\backends\utils.py utils.py utils execute 111: (0.001) SET SESSION TRANSACTION ISOLATION LEVEL READ COMMITTED; args=None
DEBUG 2018-02-27 17:07:31,855 D:\Users\SIMO\AppData\Local\Programs\Python\Python36\lib\site-packages\django\db\backends\utils.py utils.py utils execute 111: (0.000) SELECT VERSION(); args=None
DEBUG 2018-02-27 17:07:31,868 D:\Users\SIMO\AppData\Local\Programs\Python\Python36\lib\site-packages\django\db\backends\utils.py utils.py utils execute 111: (0.001) SET SESSION TRANSACTION ISOLATION LEVEL READ COMMITTED; args=None
DEBUG 2018-02-27 17:07:31,869 D:\Users\SIMO\AppData\Local\Programs\Python\Python36\lib\site-packages\django\db\backends\utils.py utils.py utils execute 111: (0.001) SELECT `auth_user`.`id`, `auth_user`.`password`, `auth_user`.`last_login`, `auth_user`.`is_superuser`, `auth_user`.`username`, `auth_user`.`first_name`, `auth_user`.`last_name`, `auth_user`.`phone`, `auth_user`.`email`, `auth_user`.`is_staff`, `auth_user`.`is_active`, `auth_user`.`date_joined` FROM `auth_user` WHERE `auth_user`.`username` = 'litao'; args=('litao',)
DEBUG 2018-02-27 17:07:31,944 D:\Users\SIMO\AppData\Local\Programs\Python\Python36\lib\site-packages\django\db\backends\utils.py utils.py utils execute 111: (0.000) SELECT `authtoken_token`.`key`, `authtoken_token`.`user_id`, `authtoken_token`.`created` FROM `authtoken_token` WHERE `authtoken_token`.`user_id` = 1; args=(1,)
DEBUG 2018-02-27 17:07:31,946 D:\Users\SIMO\AppData\Local\Programs\Python\Python36\lib\site-packages\django\db\backends\utils.py utils.py utils execute 111: (0.001) SELECT `auth_user`.`id`, `auth_user`.`password`, `auth_user`.`last_login`, `auth_user`.`is_superuser`, `auth_user`.`username`, `auth_user`.`first_name`, `auth_user`.`last_name`, `auth_user`.`phone`, `auth_user`.`email`, `auth_user`.`is_staff`, `auth_user`.`is_active`, `auth_user`.`date_joined` FROM `auth_user` WHERE `auth_user`.`id` = 1; args=(1,)
INFO 2018-02-27 17:07:31,947 D:\Users\SIMO\AppData\Local\Programs\Python\Python36\lib\site-packages\django\core\servers\basehttp.py basehttp.py basehttp log_message 124: "POST /api/user/login HTTP/1.1" 200 197
DEBUG 2018-02-27 17:10:21,509 D:\Users\SIMO\AppData\Local\Programs\Python\Python36\lib\site-packages\django\db\backends\utils.py utils.py utils execute 111: (0.001) SELECT @@SQL_AUTO_IS_NULL; args=None
DEBUG 2018-02-27 17:10:21,509 D:\Users\SIMO\AppData\Local\Programs\Python\Python36\lib\site-packages\django\db\backends\utils.py utils.py utils execute 111: (0.000) SET SESSION TRANSACTION ISOLATION LEVEL READ COMMITTED; args=None
DEBUG 2018-02-27 17:10:21,510 D:\Users\SIMO\AppData\Local\Programs\Python\Python36\lib\site-packages\django\db\backends\utils.py utils.py utils execute 111: (0.000) SELECT VERSION(); args=None
DEBUG 2018-02-27 17:10:21,522 D:\Users\SIMO\AppData\Local\Programs\Python\Python36\lib\site-packages\django\db\backends\utils.py utils.py utils execute 111: (0.000) SET SESSION TRANSACTION ISOLATION LEVEL READ COMMITTED; args=None
DEBUG 2018-02-27 17:10:21,523 D:\Users\SIMO\AppData\Local\Programs\Python\Python36\lib\site-packages\django\db\backends\utils.py utils.py utils execute 111: (0.001) SELECT `auth_user`.`id`, `auth_user`.`password`, `auth_user`.`last_login`, `auth_user`.`is_superuser`, `auth_user`.`username`, `auth_user`.`first_name`, `auth_user`.`last_name`, `auth_user`.`phone`, `auth_user`.`email`, `auth_user`.`is_staff`, `auth_user`.`is_active`, `auth_user`.`date_joined` FROM `auth_user` WHERE `auth_user`.`username` = 'litao'; args=('litao',)
DEBUG 2018-02-27 17:10:21,592 D:\Users\SIMO\AppData\Local\Programs\Python\Python36\lib\site-packages\django\db\backends\utils.py utils.py utils execute 111: (0.001) SELECT `authtoken_token`.`key`, `authtoken_token`.`user_id`, `authtoken_token`.`created` FROM `authtoken_token` WHERE `authtoken_token`.`user_id` = 1; args=(1,)
DEBUG 2018-02-27 17:10:21,593 D:\Users\SIMO\AppData\Local\Programs\Python\Python36\lib\site-packages\django\db\backends\utils.py utils.py utils execute 111: (0.000) SELECT `auth_user`.`id`, `auth_user`.`password`, `auth_user`.`last_login`, `auth_user`.`is_superuser`, `auth_user`.`username`, `auth_user`.`first_name`, `auth_user`.`last_name`, `auth_user`.`phone`, `auth_user`.`email`, `auth_user`.`is_staff`, `auth_user`.`is_active`, `auth_user`.`date_joined` FROM `auth_user` WHERE `auth_user`.`id` = 1; args=(1,)
INFO 2018-02-27 17:10:21,594 D:\Users\SIMO\AppData\Local\Programs\Python\Python36\lib\site-packages\django\core\servers\basehttp.py basehttp.py basehttp log_message 124: "POST /api/user/login HTTP/1.1" 200 197
DEBUG 2018-02-27 17:16:07,633 D:\Users\SIMO\AppData\Local\Programs\Python\Python36\lib\site-packages\django\db\backends\utils.py utils.py utils execute 111: (0.001) SELECT @@SQL_AUTO_IS_NULL; args=None
DEBUG 2018-02-27 17:16:07,633 D:\Users\SIMO\AppData\Local\Programs\Python\Python36\lib\site-packages\django\db\backends\utils.py utils.py utils execute 111: (0.000) SET SESSION TRANSACTION ISOLATION LEVEL READ COMMITTED; args=None
DEBUG 2018-02-27 17:16:07,633 D:\Users\SIMO\AppData\Local\Programs\Python\Python36\lib\site-packages\django\db\backends\utils.py utils.py utils execute 111: (0.000) SELECT VERSION(); args=None
DEBUG 2018-02-27 17:16:07,647 D:\Users\SIMO\AppData\Local\Programs\Python\Python36\lib\site-packages\django\db\backends\utils.py utils.py utils execute 111: (0.000) SET SESSION TRANSACTION ISOLATION LEVEL READ COMMITTED; args=None
DEBUG 2018-02-27 17:16:07,648 D:\Users\SIMO\AppData\Local\Programs\Python\Python36\lib\site-packages\django\db\backends\utils.py utils.py utils execute 111: (0.001) SELECT `auth_user`.`id`, `auth_user`.`password`, `auth_user`.`last_login`, `auth_user`.`is_superuser`, `auth_user`.`username`, `auth_user`.`first_name`, `auth_user`.`last_name`, `auth_user`.`phone`, `auth_user`.`email`, `auth_user`.`is_staff`, `auth_user`.`is_active`, `auth_user`.`date_joined` FROM `auth_user` WHERE `auth_user`.`username` = 'litao'; args=('litao',)
DEBUG 2018-02-27 17:16:07,722 D:\Users\SIMO\AppData\Local\Programs\Python\Python36\lib\site-packages\django\db\backends\utils.py utils.py utils execute 111: (0.001) SELECT `authtoken_token`.`key`, `authtoken_token`.`user_id`, `authtoken_token`.`created` FROM `authtoken_token` WHERE `authtoken_token`.`user_id` = 1; args=(1,)
DEBUG 2018-02-27 17:16:07,724 D:\Users\SIMO\AppData\Local\Programs\Python\Python36\lib\site-packages\django\db\backends\utils.py utils.py utils execute 111: (0.001) SELECT `auth_user`.`id`, `auth_user`.`password`, `auth_user`.`last_login`, `auth_user`.`is_superuser`, `auth_user`.`username`, `auth_user`.`first_name`, `auth_user`.`last_name`, `auth_user`.`phone`, `auth_user`.`email`, `auth_user`.`is_staff`, `auth_user`.`is_active`, `auth_user`.`date_joined` FROM `auth_user` WHERE `auth_user`.`id` = 1; args=(1,)
INFO 2018-02-27 17:16:07,724 D:\Users\SIMO\AppData\Local\Programs\Python\Python36\lib\site-packages\django\core\servers\basehttp.py basehttp.py basehttp log_message 124: "POST /api/user/login HTTP/1.1" 200 197
DEBUG 2018-02-27 17:16:28,308 D:\Users\SIMO\AppData\Local\Programs\Python\Python36\lib\site-packages\django\db\backends\utils.py utils.py utils execute 111: (0.000) SELECT @@SQL_AUTO_IS_NULL; args=None
DEBUG 2018-02-27 17:16:28,309 D:\Users\SIMO\AppData\Local\Programs\Python\Python36\lib\site-packages\django\db\backends\utils.py utils.py utils execute 111: (0.001) SET SESSION TRANSACTION ISOLATION LEVEL READ COMMITTED; args=None
DEBUG 2018-02-27 17:16:28,309 D:\Users\SIMO\AppData\Local\Programs\Python\Python36\lib\site-packages\django\db\backends\utils.py utils.py utils execute 111: (0.000) SELECT VERSION(); args=None
DEBUG 2018-02-27 17:16:28,322 D:\Users\SIMO\AppData\Local\Programs\Python\Python36\lib\site-packages\django\db\backends\utils.py utils.py utils execute 111: (0.000) SET SESSION TRANSACTION ISOLATION LEVEL READ COMMITTED; args=None
DEBUG 2018-02-27 17:16:28,323 D:\Users\SIMO\AppData\Local\Programs\Python\Python36\lib\site-packages\django\db\backends\utils.py utils.py utils execute 111: (0.001) SELECT `auth_user`.`id`, `auth_user`.`password`, `auth_user`.`last_login`, `auth_user`.`is_superuser`, `auth_user`.`username`, `auth_user`.`first_name`, `auth_user`.`last_name`, `auth_user`.`phone`, `auth_user`.`email`, `auth_user`.`is_staff`, `auth_user`.`is_active`, `auth_user`.`date_joined` FROM `auth_user` WHERE `auth_user`.`username` = 'litao'; args=('litao',)
DEBUG 2018-02-27 17:16:28,396 D:\Users\SIMO\AppData\Local\Programs\Python\Python36\lib\site-packages\django\db\backends\utils.py utils.py utils execute 111: (0.001) SELECT `authtoken_token`.`key`, `authtoken_token`.`user_id`, `authtoken_token`.`created` FROM `authtoken_token` WHERE `authtoken_token`.`user_id` = 1; args=(1,)
DEBUG 2018-02-27 17:16:28,398 D:\Users\SIMO\AppData\Local\Programs\Python\Python36\lib\site-packages\django\db\backends\utils.py utils.py utils execute 111: (0.001) SELECT `auth_user`.`id`, `auth_user`.`password`, `auth_user`.`last_login`, `auth_user`.`is_superuser`, `auth_user`.`username`, `auth_user`.`first_name`, `auth_user`.`last_name`, `auth_user`.`phone`, `auth_user`.`email`, `auth_user`.`is_staff`, `auth_user`.`is_active`, `auth_user`.`date_joined` FROM `auth_user` WHERE `auth_user`.`id` = 1; args=(1,)
INFO 2018-02-27 17:16:28,399 D:\Users\SIMO\AppData\Local\Programs\Python\Python36\lib\site-packages\django\core\servers\basehttp.py basehttp.py basehttp log_message 124: "POST /api/user/login HTTP/1.1" 200 197
DEBUG 2018-02-27 17:30:45,137 D:\Users\SIMO\AppData\Local\Programs\Python\Python36\lib\site-packages\django\db\backends\utils.py utils.py utils execute 111: (0.001) SELECT @@SQL_AUTO_IS_NULL; args=None
DEBUG 2018-02-27 17:30:45,137 D:\Users\SIMO\AppData\Local\Programs\Python\Python36\lib\site-packages\django\db\backends\utils.py utils.py utils execute 111: (0.000) SET SESSION TRANSACTION ISOLATION LEVEL READ COMMITTED; args=None
DEBUG 2018-02-27 17:30:45,138 D:\Users\SIMO\AppData\Local\Programs\Python\Python36\lib\site-packages\django\db\backends\utils.py utils.py utils execute 111: (0.001) SELECT VERSION(); args=None
DEBUG 2018-02-27 17:30:45,150 D:\Users\SIMO\AppData\Local\Programs\Python\Python36\lib\site-packages\django\db\backends\utils.py utils.py utils execute 111: (0.000) SET SESSION TRANSACTION ISOLATION LEVEL READ COMMITTED; args=None
DEBUG 2018-02-27 17:30:45,151 D:\Users\SIMO\AppData\Local\Programs\Python\Python36\lib\site-packages\django\db\backends\utils.py utils.py utils execute 111: (0.001) SELECT `auth_user`.`id`, `auth_user`.`password`, `auth_user`.`last_login`, `auth_user`.`is_superuser`, `auth_user`.`username`, `auth_user`.`first_name`, `auth_user`.`last_name`, `auth_user`.`phone`, `auth_user`.`email`, `auth_user`.`is_staff`, `auth_user`.`is_active`, `auth_user`.`date_joined` FROM `auth_user` WHERE `auth_user`.`username` = 'litao'; args=('litao',)
DEBUG 2018-02-27 17:30:45,225 D:\Users\SIMO\AppData\Local\Programs\Python\Python36\lib\site-packages\django\db\backends\utils.py utils.py utils execute 111: (0.001) SELECT `authtoken_token`.`key`, `authtoken_token`.`user_id`, `authtoken_token`.`created` FROM `authtoken_token` WHERE `authtoken_token`.`user_id` = 1; args=(1,)
DEBUG 2018-02-27 17:30:45,226 D:\Users\SIMO\AppData\Local\Programs\Python\Python36\lib\site-packages\django\db\backends\utils.py utils.py utils execute 111: (0.000) SELECT `auth_user`.`id`, `auth_user`.`password`, `auth_user`.`last_login`, `auth_user`.`is_superuser`, `auth_user`.`username`, `auth_user`.`first_name`, `auth_user`.`last_name`, `auth_user`.`phone`, `auth_user`.`email`, `auth_user`.`is_staff`, `auth_user`.`is_active`, `auth_user`.`date_joined` FROM `auth_user` WHERE `auth_user`.`id` = 1; args=(1,)
INFO 2018-02-27 17:30:45,227 D:\Users\SIMO\AppData\Local\Programs\Python\Python36\lib\site-packages\django\core\servers\basehttp.py basehttp.py basehttp log_message 124: "POST /api/user/login HTTP/1.1" 200 197
DEBUG 2018-02-27 17:35:29,121 D:\Users\SIMO\AppData\Local\Programs\Python\Python36\lib\site-packages\django\db\backends\utils.py utils.py utils execute 111: (0.001) SELECT @@SQL_AUTO_IS_NULL; args=None
DEBUG 2018-02-27 17:35:29,122 D:\Users\SIMO\AppData\Local\Programs\Python\Python36\lib\site-packages\django\db\backends\utils.py utils.py utils execute 111: (0.000) SET SESSION TRANSACTION ISOLATION LEVEL READ COMMITTED; args=None
DEBUG 2018-02-27 17:35:29,122 D:\Users\SIMO\AppData\Local\Programs\Python\Python36\lib\site-packages\django\db\backends\utils.py utils.py utils execute 111: (0.001) SELECT VERSION(); args=None
DEBUG 2018-02-27 17:35:29,135 D:\Users\SIMO\AppData\Local\Programs\Python\Python36\lib\site-packages\django\db\backends\utils.py utils.py utils execute 111: (0.000) SET SESSION TRANSACTION ISOLATION LEVEL READ COMMITTED; args=None
DEBUG 2018-02-27 17:35:29,136 D:\Users\SIMO\AppData\Local\Programs\Python\Python36\lib\site-packages\django\db\backends\utils.py utils.py utils execute 111: (0.001) SELECT `auth_user`.`id`, `auth_user`.`password`, `auth_user`.`last_login`, `auth_user`.`is_superuser`, `auth_user`.`username`, `auth_user`.`first_name`, `auth_user`.`last_name`, `auth_user`.`phone`, `auth_user`.`email`, `auth_user`.`is_staff`, `auth_user`.`is_active`, `auth_user`.`date_joined` FROM `auth_user` WHERE `auth_user`.`username` = 'litao'; args=('litao',)
DEBUG 2018-02-27 17:35:29,209 D:\Users\SIMO\AppData\Local\Programs\Python\Python36\lib\site-packages\django\db\backends\utils.py utils.py utils execute 111: (0.001) SELECT `authtoken_token`.`key`, `authtoken_token`.`user_id`, `authtoken_token`.`created` FROM `authtoken_token` WHERE `authtoken_token`.`user_id` = 1; args=(1,)
DEBUG 2018-02-27 17:35:29,212 D:\Users\SIMO\AppData\Local\Programs\Python\Python36\lib\site-packages\django\db\backends\utils.py utils.py utils execute 111: (0.000) SELECT `auth_user`.`id`, `auth_user`.`password`, `auth_user`.`last_login`, `auth_user`.`is_superuser`, `auth_user`.`username`, `auth_user`.`first_name`, `auth_user`.`last_name`, `auth_user`.`phone`, `auth_user`.`email`, `auth_user`.`is_staff`, `auth_user`.`is_active`, `auth_user`.`date_joined` FROM `auth_user` WHERE `auth_user`.`id` = 1; args=(1,)
INFO 2018-02-27 17:35:29,214 D:\Users\SIMO\AppData\Local\Programs\Python\Python36\lib\site-packages\django\core\servers\basehttp.py basehttp.py basehttp log_message 124: "POST /api/user/login HTTP/1.1" 200 197
DEBUG 2018-02-27 17:35:41,271 D:\Users\SIMO\AppData\Local\Programs\Python\Python36\lib\site-packages\django\db\backends\utils.py utils.py utils execute 111: (0.000) SELECT @@SQL_AUTO_IS_NULL; args=None
DEBUG 2018-02-27 17:35:41,272 D:\Users\SIMO\AppData\Local\Programs\Python\Python36\lib\site-packages\django\db\backends\utils.py utils.py utils execute 111: (0.001) SET SESSION TRANSACTION ISOLATION LEVEL READ COMMITTED; args=None
DEBUG 2018-02-27 17:35:41,272 D:\Users\SIMO\AppData\Local\Programs\Python\Python36\lib\site-packages\django\db\backends\utils.py utils.py utils execute 111: (0.000) SELECT VERSION(); args=None
DEBUG 2018-02-27 17:35:41,284 D:\Users\SIMO\AppData\Local\Programs\Python\Python36\lib\site-packages\django\db\backends\utils.py utils.py utils execute 111: (0.000) SET SESSION TRANSACTION ISOLATION LEVEL READ COMMITTED; args=None
DEBUG 2018-02-27 17:35:41,285 D:\Users\SIMO\AppData\Local\Programs\Python\Python36\lib\site-packages\django\db\backends\utils.py utils.py utils execute 111: (0.000) SELECT `auth_user`.`id`, `auth_user`.`password`, `auth_user`.`last_login`, `auth_user`.`is_superuser`, `auth_user`.`username`, `auth_user`.`first_name`, `auth_user`.`last_name`, `auth_user`.`phone`, `auth_user`.`email`, `auth_user`.`is_staff`, `auth_user`.`is_active`, `auth_user`.`date_joined` FROM `auth_user` WHERE `auth_user`.`username` = 'litao'; args=('litao',)
DEBUG 2018-02-27 17:35:41,356 D:\Users\SIMO\AppData\Local\Programs\Python\Python36\lib\site-packages\django\db\backends\utils.py utils.py utils execute 111: (0.001) SELECT `authtoken_token`.`key`, `authtoken_token`.`user_id`, `authtoken_token`.`created` FROM `authtoken_token` WHERE `authtoken_token`.`user_id` = 1; args=(1,)
DEBUG 2018-02-27 17:35:41,359 D:\Users\SIMO\AppData\Local\Programs\Python\Python36\lib\site-packages\django\db\backends\utils.py utils.py utils execute 111: (0.001) SELECT `auth_user`.`id`, `auth_user`.`password`, `auth_user`.`last_login`, `auth_user`.`is_superuser`, `auth_user`.`username`, `auth_user`.`first_name`, `auth_user`.`last_name`, `auth_user`.`phone`, `auth_user`.`email`, `auth_user`.`is_staff`, `auth_user`.`is_active`, `auth_user`.`date_joined` FROM `auth_user` WHERE `auth_user`.`id` = 1; args=(1,)
INFO 2018-02-27 17:35:41,360 D:\Users\SIMO\AppData\Local\Programs\Python\Python36\lib\site-packages\django\core\servers\basehttp.py basehttp.py basehttp log_message 124: "POST /api/user/login HTTP/1.1" 200 197
DEBUG 2018-02-27 17:35:44,356 D:\Users\SIMO\AppData\Local\Programs\Python\Python36\lib\site-packages\django\db\backends\utils.py utils.py utils execute 111: (0.000) SELECT @@SQL_AUTO_IS_NULL; args=None
DEBUG 2018-02-27 17:35:44,357 D:\Users\SIMO\AppData\Local\Programs\Python\Python36\lib\site-packages\django\db\backends\utils.py utils.py utils execute 111: (0.001) SET SESSION TRANSACTION ISOLATION LEVEL READ COMMITTED; args=None
DEBUG 2018-02-27 17:35:44,357 D:\Users\SIMO\AppData\Local\Programs\Python\Python36\lib\site-packages\django\db\backends\utils.py utils.py utils execute 111: (0.000) SELECT VERSION(); args=None
DEBUG 2018-02-27 17:35:44,370 D:\Users\SIMO\AppData\Local\Programs\Python\Python36\lib\site-packages\django\db\backends\utils.py utils.py utils execute 111: (0.000) SET SESSION TRANSACTION ISOLATION LEVEL READ COMMITTED; args=None
DEBUG 2018-02-27 17:35:44,371 D:\Users\SIMO\AppData\Local\Programs\Python\Python36\lib\site-packages\django\db\backends\utils.py utils.py utils execute 111: (0.001) SELECT `auth_user`.`id`, `auth_user`.`password`, `auth_user`.`last_login`, `auth_user`.`is_superuser`, `auth_user`.`username`, `auth_user`.`first_name`, `auth_user`.`last_name`, `auth_user`.`phone`, `auth_user`.`email`, `auth_user`.`is_staff`, `auth_user`.`is_active`, `auth_user`.`date_joined` FROM `auth_user` WHERE `auth_user`.`username` = 'litao'; args=('litao',)
DEBUG 2018-02-27 17:35:44,446 D:\Users\SIMO\AppData\Local\Programs\Python\Python36\lib\site-packages\django\db\backends\utils.py utils.py utils execute 111: (0.000) SELECT `authtoken_token`.`key`, `authtoken_token`.`user_id`, `authtoken_token`.`created` FROM `authtoken_token` WHERE `authtoken_token`.`user_id` = 1; args=(1,)
DEBUG 2018-02-27 17:35:44,448 D:\Users\SIMO\AppData\Local\Programs\Python\Python36\lib\site-packages\django\db\backends\utils.py utils.py utils execute 111: (0.001) SELECT `auth_user`.`id`, `auth_user`.`password`, `auth_user`.`last_login`, `auth_user`.`is_superuser`, `auth_user`.`username`, `auth_user`.`first_name`, `auth_user`.`last_name`, `auth_user`.`phone`, `auth_user`.`email`, `auth_user`.`is_staff`, `auth_user`.`is_active`, `auth_user`.`date_joined` FROM `auth_user` WHERE `auth_user`.`id` = 1; args=(1,)
INFO 2018-02-27 17:35:44,449 D:\Users\SIMO\AppData\Local\Programs\Python\Python36\lib\site-packages\django\core\servers\basehttp.py basehttp.py basehttp log_message 124: "POST /api/user/login HTTP/1.1" 200 197
DEBUG 2018-02-27 17:36:09,231 D:\Users\SIMO\AppData\Local\Programs\Python\Python36\lib\site-packages\django\db\backends\utils.py utils.py utils execute 111: (0.000) SELECT @@SQL_AUTO_IS_NULL; args=None
DEBUG 2018-02-27 17:36:09,231 D:\Users\SIMO\AppData\Local\Programs\Python\Python36\lib\site-packages\django\db\backends\utils.py utils.py utils execute 111: (0.000) SET SESSION TRANSACTION ISOLATION LEVEL READ COMMITTED; args=None
DEBUG 2018-02-27 17:36:09,232 D:\Users\SIMO\AppData\Local\Programs\Python\Python36\lib\site-packages\django\db\backends\utils.py utils.py utils execute 111: (0.001) SELECT VERSION(); args=None
DEBUG 2018-02-27 17:36:09,245 D:\Users\SIMO\AppData\Local\Programs\Python\Python36\lib\site-packages\django\db\backends\utils.py utils.py utils execute 111: (0.001) SET SESSION TRANSACTION ISOLATION LEVEL READ COMMITTED; args=None
DEBUG 2018-02-27 17:36:09,245 D:\Users\SIMO\AppData\Local\Programs\Python\Python36\lib\site-packages\django\db\backends\utils.py utils.py utils execute 111: (0.001) SELECT `auth_user`.`id`, `auth_user`.`password`, `auth_user`.`last_login`, `auth_user`.`is_superuser`, `auth_user`.`username`, `auth_user`.`first_name`, `auth_user`.`last_name`, `auth_user`.`phone`, `auth_user`.`email`, `auth_user`.`is_staff`, `auth_user`.`is_active`, `auth_user`.`date_joined` FROM `auth_user` WHERE `auth_user`.`username` = 'litao'; args=('litao',)
DEBUG 2018-02-27 17:36:09,317 D:\Users\SIMO\AppData\Local\Programs\Python\Python36\lib\site-packages\django\db\backends\utils.py utils.py utils execute 111: (0.001) SELECT `authtoken_token`.`key`, `authtoken_token`.`user_id`, `authtoken_token`.`created` FROM `authtoken_token` WHERE `authtoken_token`.`user_id` = 1; args=(1,)
DEBUG 2018-02-27 17:36:09,318 D:\Users\SIMO\AppData\Local\Programs\Python\Python36\lib\site-packages\django\db\backends\utils.py utils.py utils execute 111: (0.000) SELECT `auth_user`.`id`, `auth_user`.`password`, `auth_user`.`last_login`, `auth_user`.`is_superuser`, `auth_user`.`username`, `auth_user`.`first_name`, `auth_user`.`last_name`, `auth_user`.`phone`, `auth_user`.`email`, `auth_user`.`is_staff`, `auth_user`.`is_active`, `auth_user`.`date_joined` FROM `auth_user` WHERE `auth_user`.`id` = 1; args=(1,)
INFO 2018-02-27 17:36:09,319 D:\Users\SIMO\AppData\Local\Programs\Python\Python36\lib\site-packages\django\core\servers\basehttp.py basehttp.py basehttp log_message 124: "POST /api/user/login HTTP/1.1" 200 197
DEBUG 2018-02-27 17:36:31,478 D:\Users\SIMO\AppData\Local\Programs\Python\Python36\lib\site-packages\django\db\backends\utils.py utils.py utils execute 111: (0.000) SELECT @@SQL_AUTO_IS_NULL; args=None
DEBUG 2018-02-27 17:36:31,479 D:\Users\SIMO\AppData\Local\Programs\Python\Python36\lib\site-packages\django\db\backends\utils.py utils.py utils execute 111: (0.000) SET SESSION TRANSACTION ISOLATION LEVEL READ COMMITTED; args=None
DEBUG 2018-02-27 17:36:31,479 D:\Users\SIMO\AppData\Local\Programs\Python\Python36\lib\site-packages\django\db\backends\utils.py utils.py utils execute 111: (0.000) SELECT VERSION(); args=None
DEBUG 2018-02-27 17:36:31,491 D:\Users\SIMO\AppData\Local\Programs\Python\Python36\lib\site-packages\django\db\backends\utils.py utils.py utils execute 111: (0.000) SET SESSION TRANSACTION ISOLATION LEVEL READ COMMITTED; args=None
DEBUG 2018-02-27 17:36:31,492 D:\Users\SIMO\AppData\Local\Programs\Python\Python36\lib\site-packages\django\db\backends\utils.py utils.py utils execute 111: (0.000) SELECT `auth_user`.`id`, `auth_user`.`password`, `auth_user`.`last_login`, `auth_user`.`is_superuser`, `auth_user`.`username`, `auth_user`.`first_name`, `auth_user`.`last_name`, `auth_user`.`phone`, `auth_user`.`email`, `auth_user`.`is_staff`, `auth_user`.`is_active`, `auth_user`.`date_joined` FROM `auth_user` WHERE `auth_user`.`username` = 'litao'; args=('litao',)
DEBUG 2018-02-27 17:36:31,564 D:\Users\SIMO\AppData\Local\Programs\Python\Python36\lib\site-packages\django\db\backends\utils.py utils.py utils execute 111: (0.001) SELECT `authtoken_token`.`key`, `authtoken_token`.`user_id`, `authtoken_token`.`created` FROM `authtoken_token` WHERE `authtoken_token`.`user_id` = 1; args=(1,)
DEBUG 2018-02-27 17:36:31,566 D:\Users\SIMO\AppData\Local\Programs\Python\Python36\lib\site-packages\django\db\backends\utils.py utils.py utils execute 111: (0.001) SELECT `auth_user`.`id`, `auth_user`.`password`, `auth_user`.`last_login`, `auth_user`.`is_superuser`, `auth_user`.`username`, `auth_user`.`first_name`, `auth_user`.`last_name`, `auth_user`.`phone`, `auth_user`.`email`, `auth_user`.`is_staff`, `auth_user`.`is_active`, `auth_user`.`date_joined` FROM `auth_user` WHERE `auth_user`.`id` = 1; args=(1,)
INFO 2018-02-27 17:36:31,567 D:\Users\SIMO\AppData\Local\Programs\Python\Python36\lib\site-packages\django\core\servers\basehttp.py basehttp.py basehttp log_message 124: "POST /api/user/login HTTP/1.1" 200 197
DEBUG 2018-02-27 17:37:02,981 D:\Users\SIMO\AppData\Local\Programs\Python\Python36\lib\site-packages\django\db\backends\utils.py utils.py utils execute 111: (0.000) SELECT @@SQL_AUTO_IS_NULL; args=None
DEBUG 2018-02-27 17:37:02,982 D:\Users\SIMO\AppData\Local\Programs\Python\Python36\lib\site-packages\django\db\backends\utils.py utils.py utils execute 111: (0.000) SET SESSION TRANSACTION ISOLATION LEVEL READ COMMITTED; args=None
DEBUG 2018-02-27 17:37:02,982 D:\Users\SIMO\AppData\Local\Programs\Python\Python36\lib\site-packages\django\db\backends\utils.py utils.py utils execute 111: (0.000) SELECT VERSION(); args=None
DEBUG 2018-02-27 17:37:02,995 D:\Users\SIMO\AppData\Local\Programs\Python\Python36\lib\site-packages\django\db\backends\utils.py utils.py utils execute 111: (0.000) SET SESSION TRANSACTION ISOLATION LEVEL READ COMMITTED; args=None
DEBUG 2018-02-27 17:37:02,996 D:\Users\SIMO\AppData\Local\Programs\Python\Python36\lib\site-packages\django\db\backends\utils.py utils.py utils execute 111: (0.001) SELECT `auth_user`.`id`, `auth_user`.`password`, `auth_user`.`last_login`, `auth_user`.`is_superuser`, `auth_user`.`username`, `auth_user`.`first_name`, `auth_user`.`last_name`, `auth_user`.`phone`, `auth_user`.`email`, `auth_user`.`is_staff`, `auth_user`.`is_active`, `auth_user`.`date_joined` FROM `auth_user` WHERE `auth_user`.`username` = 'litao'; args=('litao',)
DEBUG 2018-02-27 17:37:03,069 D:\Users\SIMO\AppData\Local\Programs\Python\Python36\lib\site-packages\django\db\backends\utils.py utils.py utils execute 111: (0.000) SELECT `authtoken_token`.`key`, `authtoken_token`.`user_id`, `authtoken_token`.`created` FROM `authtoken_token` WHERE `authtoken_token`.`user_id` = 1; args=(1,)
DEBUG 2018-02-27 17:37:03,071 D:\Users\SIMO\AppData\Local\Programs\Python\Python36\lib\site-packages\django\db\backends\utils.py utils.py utils execute 111: (0.001) SELECT `auth_user`.`id`, `auth_user`.`password`, `auth_user`.`last_login`, `auth_user`.`is_superuser`, `auth_user`.`username`, `auth_user`.`first_name`, `auth_user`.`last_name`, `auth_user`.`phone`, `auth_user`.`email`, `auth_user`.`is_staff`, `auth_user`.`is_active`, `auth_user`.`date_joined` FROM `auth_user` WHERE `auth_user`.`id` = 1; args=(1,)
INFO 2018-02-27 17:37:03,072 D:\Users\SIMO\AppData\Local\Programs\Python\Python36\lib\site-packages\django\core\servers\basehttp.py basehttp.py basehttp log_message 124: "POST /api/user/login HTTP/1.1" 200 197
DEBUG 2018-02-27 17:38:16,480 D:\Users\SIMO\AppData\Local\Programs\Python\Python36\lib\site-packages\django\db\backends\utils.py utils.py utils execute 111: (0.000) SELECT @@SQL_AUTO_IS_NULL; args=None
DEBUG 2018-02-27 17:38:16,481 D:\Users\SIMO\AppData\Local\Programs\Python\Python36\lib\site-packages\django\db\backends\utils.py utils.py utils execute 111: (0.001) SET SESSION TRANSACTION ISOLATION LEVEL READ COMMITTED; args=None
DEBUG 2018-02-27 17:38:16,481 D:\Users\SIMO\AppData\Local\Programs\Python\Python36\lib\site-packages\django\db\backends\utils.py utils.py utils execute 111: (0.000) SELECT VERSION(); args=None
DEBUG 2018-02-27 17:38:16,494 D:\Users\SIMO\AppData\Local\Programs\Python\Python36\lib\site-packages\django\db\backends\utils.py utils.py utils execute 111: (0.001) SET SESSION TRANSACTION ISOLATION LEVEL READ COMMITTED; args=None
DEBUG 2018-02-27 17:38:16,494 D:\Users\SIMO\AppData\Local\Programs\Python\Python36\lib\site-packages\django\db\backends\utils.py utils.py utils execute 111: (0.000) SELECT `auth_user`.`id`, `auth_user`.`password`, `auth_user`.`last_login`, `auth_user`.`is_superuser`, `auth_user`.`username`, `auth_user`.`first_name`, `auth_user`.`last_name`, `auth_user`.`phone`, `auth_user`.`email`, `auth_user`.`is_staff`, `auth_user`.`is_active`, `auth_user`.`date_joined` FROM `auth_user` WHERE `auth_user`.`username` = 'litao'; args=('litao',)
DEBUG 2018-02-27 17:38:16,571 D:\Users\SIMO\AppData\Local\Programs\Python\Python36\lib\site-packages\django\db\backends\utils.py utils.py utils execute 111: (0.000) SELECT `authtoken_token`.`key`, `authtoken_token`.`user_id`, `authtoken_token`.`created` FROM `authtoken_token` WHERE `authtoken_token`.`user_id` = 1; args=(1,)
DEBUG 2018-02-27 17:38:16,573 D:\Users\SIMO\AppData\Local\Programs\Python\Python36\lib\site-packages\django\db\backends\utils.py utils.py utils execute 111: (0.001) SELECT `auth_user`.`id`, `auth_user`.`password`, `auth_user`.`last_login`, `auth_user`.`is_superuser`, `auth_user`.`username`, `auth_user`.`first_name`, `auth_user`.`last_name`, `auth_user`.`phone`, `auth_user`.`email`, `auth_user`.`is_staff`, `auth_user`.`is_active`, `auth_user`.`date_joined` FROM `auth_user` WHERE `auth_user`.`id` = 1; args=(1,)
INFO 2018-02-27 17:38:16,574 D:\Users\SIMO\AppData\Local\Programs\Python\Python36\lib\site-packages\django\core\servers\basehttp.py basehttp.py basehttp log_message 124: "POST /api/user/login HTTP/1.1" 200 197
DEBUG 2018-02-27 18:35:00,831 D:\Users\SIMO\AppData\Local\Programs\Python\Python36\lib\site-packages\django\db\backends\utils.py utils.py utils execute 111: (0.000) SELECT @@SQL_AUTO_IS_NULL; args=None
DEBUG 2018-02-27 18:35:00,831 D:\Users\SIMO\AppData\Local\Programs\Python\Python36\lib\site-packages\django\db\backends\utils.py utils.py utils execute 111: (0.000) SET SESSION TRANSACTION ISOLATION LEVEL READ COMMITTED; args=None
DEBUG 2018-02-27 18:35:00,832 D:\Users\SIMO\AppData\Local\Programs\Python\Python36\lib\site-packages\django\db\backends\utils.py utils.py utils execute 111: (0.000) SELECT VERSION(); args=None
DEBUG 2018-02-27 18:35:00,869 D:\Users\SIMO\AppData\Local\Programs\Python\Python36\lib\site-packages\django\db\backends\utils.py utils.py utils execute 111: (0.001) SET SESSION TRANSACTION ISOLATION LEVEL READ COMMITTED; args=None
DEBUG 2018-02-27 18:35:00,870 D:\Users\SIMO\AppData\Local\Programs\Python\Python36\lib\site-packages\django\db\backends\utils.py utils.py utils execute 111: (0.001) SHOW FULL TABLES; args=None
DEBUG 2018-02-27 18:35:00,872 D:\Users\SIMO\AppData\Local\Programs\Python\Python36\lib\site-packages\django\db\backends\utils.py utils.py utils execute 111: (0.000) SELECT `django_migrations`.`app`, `django_migrations`.`name` FROM `django_migrations`; args=()
